TN:
SF:client/src/App.tsx
FN:28,(anonymous_0)
FN:29,(anonymous_1)
FN:30,(anonymous_2)
FN:33,(anonymous_3)
FN:34,(anonymous_4)
FN:35,(anonymous_5)
FN:38,(anonymous_6)
FN:39,(anonymous_7)
FN:40,(anonymous_8)
FN:41,(anonymous_9)
FN:42,(anonymous_10)
FN:43,(anonymous_11)
FN:44,(anonymous_12)
FN:47,(anonymous_13)
FN:48,(anonymous_14)
FN:49,(anonymous_15)
FN:50,(anonymous_16)
FN:53,(anonymous_17)
FN:54,(anonymous_18)
FN:55,(anonymous_19)
FN:56,(anonymous_20)
FN:57,(anonymous_21)
FN:58,(anonymous_22)
FN:61,(anonymous_23)
FN:62,(anonymous_24)
FN:63,(anonymous_25)
FN:66,(anonymous_26)
FN:69,(anonymous_27)
FN:72,(anonymous_28)
FN:74,AppRoutes
FN:382,App
FNF:31
FNH:0
FNDA:0,(anonymous_0)
FNDA:0,(anonymous_1)
FNDA:0,(anonymous_2)
FNDA:0,(anonymous_3)
FNDA:0,(anonymous_4)
FNDA:0,(anonymous_5)
FNDA:0,(anonymous_6)
FNDA:0,(anonymous_7)
FNDA:0,(anonymous_8)
FNDA:0,(anonymous_9)
FNDA:0,(anonymous_10)
FNDA:0,(anonymous_11)
FNDA:0,(anonymous_12)
FNDA:0,(anonymous_13)
FNDA:0,(anonymous_14)
FNDA:0,(anonymous_15)
FNDA:0,(anonymous_16)
FNDA:0,(anonymous_17)
FNDA:0,(anonymous_18)
FNDA:0,(anonymous_19)
FNDA:0,(anonymous_20)
FNDA:0,(anonymous_21)
FNDA:0,(anonymous_22)
FNDA:0,(anonymous_23)
FNDA:0,(anonymous_24)
FNDA:0,(anonymous_25)
FNDA:0,(anonymous_26)
FNDA:0,(anonymous_27)
FNDA:0,(anonymous_28)
FNDA:0,AppRoutes
FNDA:0,App
DA:28,0
DA:29,0
DA:30,0
DA:33,0
DA:34,0
DA:35,0
DA:38,0
DA:39,0
DA:40,0
DA:41,0
DA:42,0
DA:43,0
DA:44,0
DA:47,0
DA:48,0
DA:49,0
DA:50,0
DA:53,0
DA:54,0
DA:55,0
DA:56,0
DA:57,0
DA:58,0
DA:61,0
DA:62,0
DA:63,0
DA:66,0
DA:69,0
DA:72,0
DA:75,0
DA:383,0
LF:31
LH:0
BRF:0
BRH:0
end_of_record
TN:
SF:client/src/main.tsx
FN:6,(anonymous_0)
FN:11,(anonymous_1)
FNF:2
FNH:0
FNDA:0,(anonymous_0)
FNDA:0,(anonymous_1)
DA:6,0
DA:7,0
DA:8,0
DA:9,0
DA:10,0
DA:11,0
DA:12,0
DA:14,0
DA:18,0
DA:19,0
DA:21,0
DA:24,0
LF:12
LH:0
BRDA:18,0,0,0
BRDA:18,0,1,0
BRF:2
BRH:0
end_of_record
TN:
SF:client/src/components/shift-card.tsx
FN:13,ShiftCard
FN:40,(anonymous_1)
FNF:2
FNH:0
FNDA:0,ShiftCard
FNDA:0,(anonymous_1)
DA:14,0
DA:40,0
LF:2
LH:0
BRDA:13,0,0,0
BRDA:34,1,0,0
BRDA:34,1,1,0
BRDA:40,2,0,0
BRDA:40,2,1,0
BRDA:40,3,0,0
BRDA:40,3,1,0
BRF:7
BRH:0
end_of_record
TN:
SF:client/src/components/admin/content-moderation.tsx
FN:46,ContentModeration
FN:60,(anonymous_8)
FN:60,(anonymous_9)
FN:64,(anonymous_10)
FN:74,(anonymous_11)
FN:74,(anonymous_12)
FN:78,(anonymous_13)
FN:87,(anonymous_14)
FN:91,(anonymous_15)
FN:95,(anonymous_16)
FN:110,(anonymous_17)
FN:173,(anonymous_18)
FN:247,(anonymous_19)
FN:255,(anonymous_20)
FN:287,(anonymous_21)
FN:350,(anonymous_22)
FN:360,(anonymous_23)
FNF:17
FNH:0
FNDA:0,ContentModeration
FNDA:0,(anonymous_8)
FNDA:0,(anonymous_9)
FNDA:0,(anonymous_10)
FNDA:0,(anonymous_11)
FNDA:0,(anonymous_12)
FNDA:0,(anonymous_13)
FNDA:0,(anonymous_14)
FNDA:0,(anonymous_15)
FNDA:0,(anonymous_16)
FNDA:0,(anonymous_17)
FNDA:0,(anonymous_18)
FNDA:0,(anonymous_19)
FNDA:0,(anonymous_20)
FNDA:0,(anonymous_21)
FNDA:0,(anonymous_22)
FNDA:0,(anonymous_23)
DA:47,0
DA:48,0
DA:49,0
DA:51,0
DA:55,0
DA:59,0
DA:60,0
DA:61,0
DA:62,0
DA:65,0
DA:66,0
DA:73,0
DA:74,0
DA:75,0
DA:76,0
DA:79,0
DA:80,0
DA:87,0
DA:88,0
DA:91,0
DA:92,0
DA:95,0
DA:96,0
DA:98,0
DA:100,0
DA:102,0
DA:104,0
DA:106,0
DA:110,0
DA:111,0
DA:113,0
DA:115,0
DA:117,0
DA:119,0
DA:123,0
DA:174,0
DA:247,0
DA:255,0
DA:288,0
DA:350,0
DA:360,0
LF:41
LH:0
BRDA:51,0,0,0
BRDA:55,1,0,0
BRDA:67,2,0,0
BRDA:67,2,1,0
BRDA:81,3,0,0
BRDA:81,3,1,0
BRDA:96,4,0,0
BRDA:96,4,1,0
BRDA:96,4,2,0
BRDA:96,4,3,0
BRDA:96,4,4,0
BRDA:111,5,0,0
BRDA:111,5,1,0
BRDA:111,5,2,0
BRDA:111,5,3,0
BRDA:158,6,0,0
BRDA:158,6,1,0
BRDA:162,7,0,0
BRDA:162,7,1,0
BRDA:180,8,0,0
BRDA:180,8,1,0
BRDA:180,8,2,0
BRDA:185,9,0,0
BRDA:185,9,1,0
BRDA:185,9,2,0
BRDA:212,10,0,0
BRDA:212,10,1,0
BRDA:222,11,0,0
BRDA:222,11,1,0
BRDA:229,12,0,0
BRDA:229,12,1,0
BRDA:237,13,0,0
BRDA:237,13,1,0
BRDA:272,14,0,0
BRDA:272,14,1,0
BRDA:276,15,0,0
BRDA:276,15,1,0
BRDA:290,16,0,0
BRDA:290,16,1,0
BRDA:301,17,0,0
BRDA:301,17,1,0
BRDA:315,18,0,0
BRDA:315,18,1,0
BRF:43
BRH:0
end_of_record
TN:
SF:client/src/components/auth/AuthGuard.tsx
FN:14,AuthGuard
FNF:1
FNH:0
FNDA:0,AuthGuard
DA:20,0
DA:21,0
DA:24,0
DA:25,0
DA:29,0
DA:30,0
DA:34,0
DA:36,0
DA:37,0
DA:42,0
DA:43,0
DA:44,0
DA:48,0
DA:49,0
DA:50,0
DA:51,0
DA:52,0
DA:57,0
DA:58,0
DA:61,0
LF:20
LH:0
BRDA:16,0,0,0
BRDA:24,1,0,0
BRDA:29,2,0,0
BRDA:29,3,0,0
BRDA:29,3,1,0
BRDA:34,4,0,0
BRDA:34,5,0,0
BRDA:34,5,1,0
BRDA:34,5,2,0
BRDA:34,5,3,0
BRDA:36,6,0,0
BRDA:42,7,0,0
BRDA:42,8,0,0
BRDA:42,8,1,0
BRDA:42,8,2,0
BRDA:48,9,0,0
BRDA:48,10,0,0
BRDA:48,10,1,0
BRDA:48,10,2,0
BRDA:48,10,3,0
BRDA:50,11,0,0
BRDA:50,12,0,0
BRDA:50,12,1,0
BRDA:50,12,2,0
BRDA:50,12,3,0
BRDA:57,13,0,0
BRF:26
BRH:0
end_of_record
TN:
SF:client/src/components/auth/ProtectedRoute.tsx
FN:9,ProtectedRoute
FNF:1
FNH:0
FNDA:0,ProtectedRoute
DA:10,0
LF:1
LH:0
BRF:0
BRH:0
end_of_record
TN:
SF:client/src/components/auth/google-auth-button.tsx
FN:7,(anonymous_7)
FN:7,(anonymous_8)
FN:14,GoogleAuthButton
FN:18,(anonymous_10)
FN:18,(anonymous_11)
FNF:5
FNH:0
FNDA:0,(anonymous_7)
FNDA:0,(anonymous_8)
FNDA:0,GoogleAuthButton
FNDA:0,(anonymous_10)
FNDA:0,(anonymous_11)
DA:7,0
DA:15,0
DA:16,0
DA:18,0
DA:19,0
DA:21,0
DA:22,0
DA:24,0
DA:26,0
DA:27,0
DA:32,0
DA:36,0
LF:12
LH:0
BRDA:48,0,0,0
BRDA:48,0,1,0
BRDA:50,1,0,0
BRDA:50,1,1,0
BRF:4
BRH:0
end_of_record
TN:
SF:client/src/components/auth/google-auth-unified.tsx
FN:13,GoogleAuthUnified
FN:19,(anonymous_8)
FN:19,(anonymous_9)
FNF:3
FNH:0
FNDA:0,GoogleAuthUnified
FNDA:0,(anonymous_8)
FNDA:0,(anonymous_9)
DA:14,0
DA:15,0
DA:16,0
DA:17,0
DA:19,0
DA:20,0
DA:22,0
DA:25,0
DA:38,0
DA:39,0
DA:45,0
DA:46,0
DA:47,0
DA:48,0
DA:52,0
DA:54,0
DA:58,0
DA:67,0
DA:68,0
DA:69,0
DA:70,0
DA:75,0
DA:77,0
DA:81,0
DA:82,0
DA:88,0
DA:92,0
LF:27
LH:0
BRDA:38,0,0,0
BRDA:38,0,1,0
BRDA:45,1,0,0
BRDA:45,1,1,0
BRDA:67,2,0,0
BRDA:67,2,1,0
BRDA:83,3,0,0
BRDA:83,3,1,0
BRDA:101,4,0,0
BRDA:101,4,1,0
BRDA:102,5,0,0
BRDA:102,5,1,0
BRDA:103,6,0,0
BRDA:103,6,1,0
BRF:14
BRH:0
end_of_record
TN:
SF:client/src/components/auth/google-demo.tsx
FN:6,GoogleAuthDemo
FN:50,(anonymous_1)
FNF:2
FNH:0
FNDA:0,GoogleAuthDemo
FNDA:0,(anonymous_1)
DA:7,0
DA:9,0
DA:50,0
LF:3
LH:0
BRDA:62,0,0,0
BRDA:62,0,1,0
BRDA:88,1,0,0
BRDA:88,1,1,0
BRF:4
BRH:0
end_of_record
TN:
SF:client/src/components/auth/google-oauth-fallback.tsx
FN:11,GoogleOAuthFallback
FN:15,(anonymous_1)
FNF:2
FNH:0
FNDA:0,GoogleOAuthFallback
FNDA:0,(anonymous_1)
DA:12,0
DA:13,0
DA:15,0
DA:16,0
DA:19,0
DA:20,0
DA:21,0
DA:24,0
DA:25,0
DA:26,0
DA:27,0
DA:28,0
DA:30,0
DA:37,0
DA:38,0
DA:39,0
DA:40,0
DA:43,0
DA:46,0
LF:19
LH:0
BRDA:16,0,0,0
BRDA:20,1,0,0
BRDA:20,1,1,0
BRDA:25,2,0,0
BRDA:25,2,1,0
BRDA:37,3,0,0
BRDA:38,4,0,0
BRDA:72,5,0,0
BRDA:72,5,1,0
BRF:9
BRH:0
end_of_record
TN:
SF:client/src/components/auth/google-signup-modal.tsx
FN:26,GoogleSignupModal
FN:29,(anonymous_1)
FN:89,(anonymous_2)
FN:91,(anonymous_3)
FN:99,(anonymous_4)
FNF:5
FNH:0
FNDA:0,GoogleSignupModal
FNDA:0,(anonymous_1)
FNDA:0,(anonymous_2)
FNDA:0,(anonymous_3)
FNDA:0,(anonymous_4)
DA:27,0
DA:29,0
DA:30,0
DA:31,0
DA:32,0
DA:36,0
DA:67,0
DA:89,0
DA:92,0
DA:93,0
DA:99,0
LF:11
LH:0
BRDA:30,0,0,0
BRDA:72,1,0,0
BRDA:72,1,1,0
BRDA:97,2,0,0
BRDA:97,2,1,0
BRF:5
BRH:0
end_of_record
TN:
SF:client/src/components/auth/simple-google-auth.tsx
FN:28,SimpleGoogleAuth
FN:34,(anonymous_1)
FN:40,(anonymous_2)
FN:44,(anonymous_3)
FN:54,(anonymous_4)
FN:59,(anonymous_5)
FN:82,(anonymous_6)
FN:138,(anonymous_7)
FNF:8
FNH:0
FNDA:0,SimpleGoogleAuth
FNDA:0,(anonymous_1)
FNDA:0,(anonymous_2)
FNDA:0,(anonymous_3)
FNDA:0,(anonymous_4)
FNDA:0,(anonymous_5)
FNDA:0,(anonymous_6)
FNDA:0,(anonymous_7)
DA:29,0
DA:30,0
DA:31,0
DA:32,0
DA:34,0
DA:36,0
DA:37,0
DA:38,0
DA:39,0
DA:40,0
DA:41,0
DA:42,0
DA:44,0
DA:45,0
DA:46,0
DA:52,0
DA:54,0
DA:55,0
DA:59,0
DA:60,0
DA:61,0
DA:62,0
DA:69,0
DA:70,0
DA:72,0
DA:73,0
DA:82,0
DA:83,0
DA:84,0
DA:86,0
DA:87,0
DA:91,0
DA:92,0
DA:94,0
DA:97,0
DA:98,0
DA:99,0
DA:102,0
DA:115,0
DA:117,0
DA:123,0
DA:124,0
DA:125,0
DA:126,0
DA:129,0
DA:130,0
DA:138,0
DA:139,0
DA:140,0
DA:145,0
DA:148,0
DA:149,0
DA:150,0
DA:152,0
DA:153,0
DA:161,0
LF:56
LH:0
BRDA:41,0,0,0
BRDA:60,1,0,0
BRDA:60,2,0,0
BRDA:60,2,1,0
BRDA:60,2,2,0
BRDA:70,3,0,0
BRDA:84,4,0,0
BRDA:86,5,0,0
BRDA:94,6,0,0
BRDA:98,7,0,0
BRDA:98,7,1,0
BRDA:99,8,0,0
BRDA:99,8,1,0
BRDA:112,9,0,0
BRDA:112,9,1,0
BRDA:118,10,0,0
BRDA:118,10,1,0
BRDA:119,11,0,0
BRDA:119,11,1,0
BRDA:124,12,0,0
BRDA:126,13,0,0
BRDA:126,13,1,0
BRDA:126,14,0,0
BRDA:126,14,1,0
BRDA:131,15,0,0
BRDA:131,15,1,0
BRDA:139,16,0,0
BRDA:139,17,0,0
BRDA:139,17,1,0
BRDA:149,18,0,0
BRDA:188,19,0,0
BRDA:188,19,1,0
BRDA:188,20,0,0
BRDA:188,20,1,0
BRF:34
BRH:0
end_of_record
TN:
SF:client/src/components/content-creation/content-creation-buttons.tsx
FN:13,ContentCreationButtons
FN:21,(anonymous_1)
FN:25,(anonymous_2)
FN:59,(anonymous_3)
FN:64,(anonymous_4)
FNF:5
FNH:0
FNDA:0,ContentCreationButtons
FNDA:0,(anonymous_1)
FNDA:0,(anonymous_2)
FNDA:0,(anonymous_3)
FNDA:0,(anonymous_4)
DA:18,0
DA:19,0
DA:21,0
DA:22,0
DA:25,0
DA:26,0
DA:29,0
DA:59,0
DA:64,0
LF:9
LH:0
BRDA:15,0,0,0
BRDA:16,1,0,0
BRDA:31,2,0,0
BRDA:31,2,1,0
BRDA:44,3,0,0
BRDA:44,3,1,0
BRDA:44,3,2,0
BRF:7
BRH:0
end_of_record
TN:
SF:client/src/components/content-creation/job-posting-modal.tsx
FN:20,JobPostingModal
FN:40,(anonymous_8)
FN:40,(anonymous_9)
FN:44,(anonymous_10)
FN:53,(anonymous_11)
FN:62,(anonymous_12)
FN:77,(anonymous_13)
FN:92,(anonymous_14)
FN:94,(anonymous_15)
FN:102,(anonymous_16)
FN:103,(anonymous_17)
FN:105,(anonymous_18)
FN:109,(anonymous_19)
FN:160,(anonymous_20)
FN:174,(anonymous_21)
FN:192,(anonymous_22)
FN:205,(anonymous_23)
FN:220,(anonymous_24)
FN:235,(anonymous_25)
FN:255,(anonymous_26)
FN:266,(anonymous_27)
FN:290,(anonymous_28)
FN:302,(anonymous_29)
FN:316,(anonymous_30)
FN:319,(anonymous_31)
FN:332,(anonymous_32)
FN:337,(anonymous_33)
FNF:27
FNH:0
FNDA:0,JobPostingModal
FNDA:0,(anonymous_8)
FNDA:0,(anonymous_9)
FNDA:0,(anonymous_10)
FNDA:0,(anonymous_11)
FNDA:0,(anonymous_12)
FNDA:0,(anonymous_13)
FNDA:0,(anonymous_14)
FNDA:0,(anonymous_15)
FNDA:0,(anonymous_16)
FNDA:0,(anonymous_17)
FNDA:0,(anonymous_18)
FNDA:0,(anonymous_19)
FNDA:0,(anonymous_20)
FNDA:0,(anonymous_21)
FNDA:0,(anonymous_22)
FNDA:0,(anonymous_23)
FNDA:0,(anonymous_24)
FNDA:0,(anonymous_25)
FNDA:0,(anonymous_26)
FNDA:0,(anonymous_27)
FNDA:0,(anonymous_28)
FNDA:0,(anonymous_29)
FNDA:0,(anonymous_30)
FNDA:0,(anonymous_31)
FNDA:0,(anonymous_32)
FNDA:0,(anonymous_33)
DA:21,0
DA:22,0
DA:23,0
DA:25,0
DA:37,0
DA:39,0
DA:40,0
DA:41,0
DA:42,0
DA:45,0
DA:49,0
DA:50,0
DA:51,0
DA:54,0
DA:62,0
DA:63,0
DA:74,0
DA:77,0
DA:78,0
DA:80,0
DA:81,0
DA:82,0
DA:83,0
DA:84,0
DA:85,0
DA:86,0
DA:88,0
DA:89,0
DA:92,0
DA:93,0
DA:94,0
DA:102,0
DA:103,0
DA:105,0
DA:109,0
DA:110,0
DA:112,0
DA:114,0
DA:132,0
DA:135,0
DA:137,0
DA:160,0
DA:174,0
DA:192,0
DA:205,0
DA:220,0
DA:235,0
DA:255,0
DA:267,0
DA:290,0
DA:302,0
DA:316,0
DA:319,0
DA:333,0
DA:337,0
LF:55
LH:0
BRDA:56,0,0,0
BRDA:56,0,1,0
BRDA:80,1,0,0
BRDA:81,2,0,0
BRDA:82,3,0,0
BRDA:83,4,0,0
BRDA:84,5,0,0
BRDA:85,6,0,0
BRDA:86,7,0,0
BRDA:93,8,0,0
BRDA:93,9,0,0
BRDA:93,9,1,0
BRDA:112,10,0,0
BRDA:118,11,0,0
BRDA:118,11,1,0
BRDA:121,12,0,0
BRDA:121,12,1,0
BRDA:127,13,0,0
BRDA:127,13,1,0
BRDA:127,14,0,0
BRDA:127,14,1,0
BRDA:135,15,0,0
BRDA:163,16,0,0
BRDA:163,16,1,0
BRDA:165,17,0,0
BRDA:165,17,1,0
BRDA:178,18,0,0
BRDA:178,18,1,0
BRDA:180,19,0,0
BRDA:180,19,1,0
BRDA:211,20,0,0
BRDA:211,20,1,0
BRDA:213,21,0,0
BRDA:213,21,1,0
BRDA:226,22,0,0
BRDA:226,22,1,0
BRDA:228,23,0,0
BRDA:228,23,1,0
BRDA:258,24,0,0
BRDA:258,24,1,0
BRDA:260,25,0,0
BRDA:260,25,1,0
BRDA:292,26,0,0
BRDA:292,26,1,0
BRDA:294,27,0,0
BRDA:294,27,1,0
BRDA:304,28,0,0
BRDA:304,28,1,0
BRDA:306,29,0,0
BRDA:306,29,1,0
BRDA:319,30,0,0
BRDA:319,30,1,0
BRDA:330,31,0,0
BRDA:330,31,1,0
BRDA:363,32,0,0
BRDA:363,32,1,0
BRF:56
BRH:0
end_of_record
TN:
SF:client/src/components/content-creation/social-posting-modal.tsx
FN:19,SocialPostingModal
FN:37,(anonymous_8)
FN:37,(anonymous_9)
FN:41,(anonymous_10)
FN:50,(anonymous_11)
FN:59,(anonymous_12)
FN:72,(anonymous_13)
FN:89,(anonymous_14)
FN:112,(anonymous_15)
FN:149,(anonymous_16)
FN:173,(anonymous_17)
FN:200,(anonymous_18)
FN:212,(anonymous_19)
FN:225,(anonymous_20)
FN:248,(anonymous_21)
FN:266,(anonymous_22)
FNF:16
FNH:0
FNDA:0,SocialPostingModal
FNDA:0,(anonymous_8)
FNDA:0,(anonymous_9)
FNDA:0,(anonymous_10)
FNDA:0,(anonymous_11)
FNDA:0,(anonymous_12)
FNDA:0,(anonymous_13)
FNDA:0,(anonymous_14)
FNDA:0,(anonymous_15)
FNDA:0,(anonymous_16)
FNDA:0,(anonymous_17)
FNDA:0,(anonymous_18)
FNDA:0,(anonymous_19)
FNDA:0,(anonymous_20)
FNDA:0,(anonymous_21)
FNDA:0,(anonymous_22)
DA:20,0
DA:21,0
DA:22,0
DA:24,0
DA:34,0
DA:36,0
DA:37,0
DA:38,0
DA:39,0
DA:42,0
DA:46,0
DA:47,0
DA:48,0
DA:51,0
DA:59,0
DA:60,0
DA:69,0
DA:72,0
DA:73,0
DA:75,0
DA:76,0
DA:79,0
DA:80,0
DA:81,0
DA:82,0
DA:85,0
DA:86,0
DA:89,0
DA:90,0
DA:92,0
DA:94,0
DA:109,0
DA:112,0
DA:113,0
DA:115,0
DA:117,0
DA:119,0
DA:121,0
DA:125,0
DA:127,0
DA:150,0
DA:173,0
DA:200,0
DA:212,0
DA:225,0
DA:248,0
DA:266,0
LF:47
LH:0
BRDA:53,0,0,0
BRDA:53,0,1,0
BRDA:75,1,0,0
BRDA:79,2,0,0
BRDA:80,3,0,0
BRDA:81,4,0,0
BRDA:82,5,0,0
BRDA:92,6,0,0
BRDA:97,7,0,0
BRDA:97,7,1,0
BRDA:97,8,0,0
BRDA:97,8,1,0
BRDA:98,9,0,0
BRDA:98,9,1,0
BRDA:98,10,0,0
BRDA:98,10,1,0
BRDA:99,11,0,0
BRDA:99,11,1,0
BRDA:100,12,0,0
BRDA:100,12,1,0
BRDA:101,13,0,0
BRDA:101,13,1,0
BRDA:101,14,0,0
BRDA:101,14,1,0
BRDA:104,15,0,0
BRDA:104,15,1,0
BRDA:113,16,0,0
BRDA:113,16,1,0
BRDA:113,16,2,0
BRDA:113,16,3,0
BRDA:125,17,0,0
BRDA:175,18,0,0
BRDA:175,18,1,0
BRDA:177,19,0,0
BRDA:177,19,1,0
BRDA:183,20,0,0
BRDA:183,20,1,0
BRDA:185,21,0,0
BRDA:185,21,1,0
BRDA:189,22,0,0
BRDA:189,22,1,0
BRDA:202,23,0,0
BRDA:202,23,1,0
BRDA:204,24,0,0
BRDA:204,24,1,0
BRDA:214,25,0,0
BRDA:214,25,1,0
BRDA:216,26,0,0
BRDA:216,26,1,0
BRDA:228,27,0,0
BRDA:228,27,1,0
BRDA:230,28,0,0
BRDA:230,28,1,0
BRDA:292,29,0,0
BRDA:292,29,1,0
BRF:55
BRH:0
end_of_record
TN:
SF:client/src/components/dashboard/dashboard-stats.tsx
FN:22,DashboardStats
FN:23,(anonymous_1)
FN:164,(anonymous_2)
FNF:3
FNH:0
FNDA:0,DashboardStats
FNDA:0,(anonymous_1)
FNDA:0,(anonymous_2)
DA:23,0
DA:24,0
DA:26,0
DA:58,0
DA:91,0
DA:123,0
DA:156,0
DA:160,0
DA:162,0
DA:165,0
DA:172,0
LF:11
LH:0
BRDA:24,0,0,0
BRDA:24,0,1,0
BRDA:24,0,2,0
BRDA:24,0,3,0
BRDA:24,0,4,0
BRDA:29,1,0,0
BRDA:29,1,1,0
BRDA:36,2,0,0
BRDA:36,2,1,0
BRDA:43,3,0,0
BRDA:43,3,1,0
BRDA:50,4,0,0
BRDA:50,4,1,0
BRDA:61,5,0,0
BRDA:61,5,1,0
BRDA:68,6,0,0
BRDA:68,6,1,0
BRDA:75,7,0,0
BRDA:75,7,1,0
BRDA:82,8,0,0
BRDA:82,8,1,0
BRDA:94,9,0,0
BRDA:94,9,1,0
BRDA:101,10,0,0
BRDA:101,10,1,0
BRDA:108,11,0,0
BRDA:108,11,1,0
BRDA:115,12,0,0
BRDA:115,12,1,0
BRDA:126,13,0,0
BRDA:126,13,1,0
BRDA:133,14,0,0
BRDA:133,14,1,0
BRDA:140,15,0,0
BRDA:140,15,1,0
BRDA:147,16,0,0
BRDA:147,16,1,0
BRDA:182,17,0,0
BRDA:182,17,1,0
BRF:39
BRH:0
end_of_record
TN:
SF:client/src/components/dashboard/quick-actions.tsx
FN:20,QuickActions
FN:21,(anonymous_1)
FN:170,(anonymous_2)
FN:178,(anonymous_3)
FNF:4
FNH:0
FNDA:0,QuickActions
FNDA:0,(anonymous_1)
FNDA:0,(anonymous_2)
FNDA:0,(anonymous_3)
DA:21,0
DA:22,0
DA:24,0
DA:57,0
DA:91,0
DA:124,0
DA:157,0
DA:161,0
DA:163,0
DA:171,0
DA:178,0
LF:11
LH:0
BRDA:22,0,0,0
BRDA:22,0,1,0
BRDA:22,0,2,0
BRDA:22,0,3,0
BRDA:22,0,4,0
BRDA:174,1,0,0
BRDA:174,1,1,0
BRDA:177,2,0,0
BRDA:177,2,1,0
BRF:9
BRH:0
end_of_record
TN:
SF:client/src/components/demo/design-system-showcase.tsx
FN:8,(anonymous_0)
FNF:1
FNH:0
FNDA:0,(anonymous_0)
DA:8,0
DA:9,0
LF:2
LH:0
BRF:0
BRH:0
end_of_record
TN:
SF:client/src/components/demo/expo-demo-mode.tsx
FN:42,ExpoDemoMode
FN:114,(anonymous_1)
FN:120,(anonymous_2)
FN:124,(anonymous_3)
FN:138,(anonymous_4)
FN:142,(anonymous_5)
FN:144,(anonymous_6)
FN:145,(anonymous_7)
FN:150,(anonymous_8)
FN:157,(anonymous_9)
FN:165,(anonymous_10)
FN:184,(anonymous_11)
FN:189,(anonymous_12)
FN:282,(anonymous_13)
FN:310,(anonymous_14)
FN:338,(anonymous_15)
FN:354,(anonymous_16)
FNF:17
FNH:0
FNDA:0,ExpoDemoMode
FNDA:0,(anonymous_1)
FNDA:0,(anonymous_2)
FNDA:0,(anonymous_3)
FNDA:0,(anonymous_4)
FNDA:0,(anonymous_5)
FNDA:0,(anonymous_6)
FNDA:0,(anonymous_7)
FNDA:0,(anonymous_8)
FNDA:0,(anonymous_9)
FNDA:0,(anonymous_10)
FNDA:0,(anonymous_11)
FNDA:0,(anonymous_12)
FNDA:0,(anonymous_13)
FNDA:0,(anonymous_14)
FNDA:0,(anonymous_15)
FNDA:0,(anonymous_16)
DA:43,0
DA:44,0
DA:45,0
DA:46,0
DA:55,0
DA:114,0
DA:115,0
DA:116,0
DA:117,0
DA:120,0
DA:121,0
DA:124,0
DA:125,0
DA:126,0
DA:127,0
DA:128,0
DA:138,0
DA:141,0
DA:142,0
DA:143,0
DA:144,0
DA:145,0
DA:146,0
DA:149,0
DA:150,0
DA:156,0
DA:157,0
DA:164,0
DA:165,0
DA:172,0
DA:173,0
DA:174,0
DA:175,0
DA:178,0
DA:184,0
DA:185,0
DA:189,0
DA:190,0
DA:193,0
DA:283,0
DA:311,0
DA:312,0
DA:314,0
DA:339,0
DA:354,0
LF:45
LH:0
BRDA:141,0,0,0
BRDA:141,1,0,0
BRDA:141,1,1,0
BRDA:143,2,0,0
BRDA:149,3,0,0
BRDA:149,4,0,0
BRDA:149,4,1,0
BRDA:156,5,0,0
BRDA:156,6,0,0
BRDA:156,6,1,0
BRDA:164,7,0,0
BRDA:164,8,0,0
BRDA:164,8,1,0
BRDA:172,9,0,0
BRDA:185,10,0,0
BRDA:190,11,0,0
BRDA:190,11,1,0
BRDA:270,12,0,0
BRDA:270,12,1,0
BRDA:270,12,2,0
BRDA:286,13,0,0
BRDA:286,13,1,0
BRDA:288,14,0,0
BRDA:288,14,1,0
BRDA:293,15,0,0
BRDA:293,15,1,0
BRDA:295,16,0,0
BRDA:295,16,1,0
BRDA:318,17,0,0
BRDA:318,17,1,0
BRDA:325,18,0,0
BRDA:325,18,1,0
BRDA:356,19,0,0
BRDA:356,19,1,0
BRDA:359,20,0,0
BRDA:359,20,1,0
BRF:36
BRH:0
end_of_record
TN:
SF:client/src/components/error-handling/error-boundary.tsx
FN:19,(anonymous_0)
FN:53,(anonymous_1)
FN:70,(anonymous_2)
FN:79,(anonymous_3)
FN:83,(anonymous_4)
FN:29,(anonymous_5)
FN:38,(anonymous_6)
FN:97,(anonymous_7)
FNF:8
FNH:0
FNDA:0,(anonymous_0)
FNDA:0,(anonymous_1)
FNDA:0,(anonymous_2)
FNDA:0,(anonymous_3)
FNDA:0,(anonymous_4)
FNDA:0,(anonymous_5)
FNDA:0,(anonymous_6)
FNDA:0,(anonymous_7)
DA:20,0
DA:21,0
DA:30,0
DA:39,0
DA:45,0
DA:46,0
DA:50,0
DA:53,0
DA:54,0
DA:65,0
DA:66,0
DA:67,0
DA:70,0
DA:71,0
DA:79,0
DA:80,0
DA:83,0
DA:84,0
DA:93,0
DA:94,0
DA:98,0
DA:99,0
DA:100,0
DA:103,0
DA:171,0
LF:25
LH:0
BRDA:65,0,0,0
BRDA:65,0,1,0
BRDA:86,1,0,0
BRDA:86,1,1,0
BRDA:86,2,0,0
BRDA:86,2,1,0
BRDA:87,3,0,0
BRDA:87,3,1,0
BRDA:87,4,0,0
BRDA:87,4,1,0
BRDA:45,5,0,0
BRDA:98,6,0,0
BRDA:99,7,0,0
BRDA:119,8,0,0
BRDA:119,8,1,0
BRDA:119,8,2,0
BRF:16
BRH:0
end_of_record
TN:
SF:client/src/components/error-handling/error-recovery.tsx
FN:24,ErrorRecovery
FN:36,(anonymous_8)
FN:38,(anonymous_9)
FN:42,(anonymous_10)
FN:46,(anonymous_11)
FN:55,(anonymous_12)
FN:95,(anonymous_13)
FN:95,(anonymous_14)
FN:107,(anonymous_15)
FN:115,(anonymous_16)
FN:123,(anonymous_17)
FN:139,(anonymous_18)
FN:184,(anonymous_19)
FNF:13
FNH:0
FNDA:0,ErrorRecovery
FNDA:0,(anonymous_8)
FNDA:0,(anonymous_9)
FNDA:0,(anonymous_10)
FNDA:0,(anonymous_11)
FNDA:0,(anonymous_12)
FNDA:0,(anonymous_13)
FNDA:0,(anonymous_14)
FNDA:0,(anonymous_15)
FNDA:0,(anonymous_16)
FNDA:0,(anonymous_17)
FNDA:0,(anonymous_18)
FNDA:0,(anonymous_19)
DA:31,0
DA:32,0
DA:33,0
DA:34,0
DA:36,0
DA:37,0
DA:38,0
DA:39,0
DA:40,0
DA:42,0
DA:46,0
DA:47,0
DA:48,0
DA:49,0
DA:50,0
DA:51,0
DA:52,0
DA:55,0
DA:56,0
DA:58,0
DA:65,0
DA:72,0
DA:79,0
DA:86,0
DA:95,0
DA:96,0
DA:98,0
DA:99,0
DA:101,0
DA:102,0
DA:103,0
DA:106,0
DA:107,0
DA:108,0
DA:112,0
DA:113,0
DA:115,0
DA:116,0
DA:117,0
DA:118,0
DA:119,0
DA:123,0
DA:124,0
DA:125,0
DA:127,0
DA:129,0
DA:131,0
DA:133,0
DA:135,0
DA:139,0
DA:140,0
DA:141,0
DA:143,0
DA:145,0
DA:147,0
DA:149,0
DA:151,0
DA:155,0
DA:185,0
LF:59
LH:0
BRDA:28,0,0,0
BRDA:29,1,0,0
BRDA:37,2,0,0
BRDA:37,3,0,0
BRDA:37,3,1,0
BRDA:48,4,0,0
BRDA:48,5,0,0
BRDA:48,5,1,0
BRDA:49,6,0,0
BRDA:49,7,0,0
BRDA:49,7,1,0
BRDA:50,8,0,0
BRDA:50,9,0,0
BRDA:50,9,1,0
BRDA:51,10,0,0
BRDA:56,11,0,0
BRDA:56,11,1,0
BRDA:56,11,2,0
BRDA:56,11,3,0
BRDA:56,11,4,0
BRDA:96,12,0,0
BRDA:125,13,0,0
BRDA:125,13,1,0
BRDA:125,13,2,0
BRDA:125,13,3,0
BRDA:125,13,4,0
BRDA:141,14,0,0
BRDA:141,14,1,0
BRDA:141,14,2,0
BRDA:141,14,3,0
BRDA:141,14,4,0
BRDA:174,15,0,0
BRDA:174,15,1,0
BRDA:182,16,0,0
BRDA:182,16,1,0
BRDA:195,17,0,0
BRDA:195,17,1,0
BRDA:210,18,0,0
BRDA:210,18,1,0
BRDA:210,18,2,0
BRDA:213,19,0,0
BRDA:213,19,1,0
BRDA:218,20,0,0
BRDA:218,20,1,0
BRDA:228,21,0,0
BRDA:228,21,1,0
BRDA:240,22,0,0
BRDA:240,22,1,0
BRF:48
BRH:0
end_of_record
TN:
SF:client/src/components/error-handling/error-reporting.tsx
FN:28,ErrorReporting
FN:47,(anonymous_8)
FN:47,(anonymous_9)
FN:106,(anonymous_10)
FN:176,(anonymous_11)
FN:190,(anonymous_12)
FN:200,(anonymous_13)
FN:218,(anonymous_14)
FN:240,(anonymous_15)
FN:254,(anonymous_16)
FN:268,(anonymous_17)
FNF:11
FNH:0
FNDA:0,ErrorReporting
FNDA:0,(anonymous_8)
FNDA:0,(anonymous_9)
FNDA:0,(anonymous_10)
FNDA:0,(anonymous_11)
FNDA:0,(anonymous_12)
FNDA:0,(anonymous_13)
FNDA:0,(anonymous_14)
FNDA:0,(anonymous_15)
FNDA:0,(anonymous_16)
FNDA:0,(anonymous_17)
DA:34,0
DA:35,0
DA:36,0
DA:37,0
DA:47,0
DA:48,0
DA:49,0
DA:52,0
DA:54,0
DA:55,0
DA:95,0
DA:98,0
DA:99,0
DA:100,0
DA:102,0
DA:103,0
DA:106,0
DA:107,0
DA:111,0
DA:113,0
DA:117,0
DA:118,0
DA:146,0
DA:176,0
DA:190,0
DA:200,0
DA:218,0
DA:241,0
DA:255,0
DA:269,0
LF:30
LH:0
BRDA:48,0,0,0
BRDA:63,1,0,0
BRDA:63,1,1,0
BRDA:63,2,0,0
BRDA:63,2,1,0
BRDA:64,3,0,0
BRDA:64,3,1,0
BRDA:64,4,0,0
BRDA:64,4,1,0
BRDA:65,5,0,0
BRDA:65,5,1,0
BRDA:65,6,0,0
BRDA:65,6,1,0
BRDA:98,7,0,0
BRDA:98,7,1,0
BRDA:103,8,0,0
BRDA:103,8,1,0
BRDA:103,9,0,0
BRDA:103,9,1,0
BRDA:117,10,0,0
BRDA:290,11,0,0
BRDA:290,11,1,0
BRDA:293,12,0,0
BRDA:293,12,1,0
BRF:24
BRH:0
end_of_record
TN:
SF:client/src/components/error-handling/error-states.tsx
FN:28,ErrorState
FN:36,(anonymous_1)
FN:45,(anonymous_2)
FN:85,(anonymous_3)
FN:178,(anonymous_4)
FN:201,(anonymous_5)
FN:211,(anonymous_6)
FN:226,NotFoundError
FN:236,ServerError
FN:247,AuthError
FN:261,PaymentError
FN:275,NetworkError
FN:289,MaintenanceError
FNF:13
FNH:0
FNDA:0,ErrorState
FNDA:0,(anonymous_1)
FNDA:0,(anonymous_2)
FNDA:0,(anonymous_3)
FNDA:0,(anonymous_4)
FNDA:0,(anonymous_5)
FNDA:0,(anonymous_6)
FNDA:0,NotFoundError
FNDA:0,ServerError
FNDA:0,AuthError
FNDA:0,PaymentError
FNDA:0,NetworkError
FNDA:0,MaintenanceError
DA:36,0
DA:37,0
DA:39,0
DA:45,0
DA:49,0
DA:59,0
DA:69,0
DA:79,0
DA:89,0
DA:99,0
DA:109,0
DA:119,0
DA:131,0
DA:133,0
DA:179,0
DA:201,0
DA:211,0
DA:227,0
DA:237,0
DA:251,0
DA:265,0
DA:279,0
DA:293,0
LF:23
LH:0
BRDA:37,0,0,0
BRDA:37,0,1,0
BRDA:37,0,2,0
BRDA:37,0,3,0
BRDA:37,0,4,0
BRDA:37,0,5,0
BRDA:37,0,6,0
BRDA:37,0,7,0
BRDA:37,0,8,0
BRDA:41,1,0,0
BRDA:41,1,1,0
BRDA:42,2,0,0
BRDA:42,2,1,0
BRDA:51,3,0,0
BRDA:51,3,1,0
BRDA:52,4,0,0
BRDA:52,4,1,0
BRDA:61,5,0,0
BRDA:61,5,1,0
BRDA:62,6,0,0
BRDA:62,6,1,0
BRDA:71,7,0,0
BRDA:71,7,1,0
BRDA:72,8,0,0
BRDA:72,8,1,0
BRDA:81,9,0,0
BRDA:81,9,1,0
BRDA:82,10,0,0
BRDA:82,10,1,0
BRDA:91,11,0,0
BRDA:91,11,1,0
BRDA:92,12,0,0
BRDA:92,12,1,0
BRDA:101,13,0,0
BRDA:101,13,1,0
BRDA:102,14,0,0
BRDA:102,14,1,0
BRDA:111,15,0,0
BRDA:111,15,1,0
BRDA:112,16,0,0
BRDA:112,16,1,0
BRDA:121,17,0,0
BRDA:121,17,1,0
BRDA:122,18,0,0
BRDA:122,18,1,0
BRDA:150,19,0,0
BRDA:150,19,1,0
BRDA:159,20,0,0
BRDA:159,20,1,0
BRDA:168,21,0,0
BRDA:168,21,1,0
BRDA:191,22,0,0
BRDA:191,22,1,0
BRF:53
BRH:0
end_of_record
TN:
SF:client/src/components/error-handling/network-error-handler.tsx
FN:23,NetworkErrorHandler
FN:34,(anonymous_8)
FN:35,(anonymous_9)
FN:36,(anonymous_10)
FN:41,(anonymous_11)
FN:47,(anonymous_12)
FN:49,(anonymous_13)
FN:52,(anonymous_14)
FN:56,(anonymous_15)
FN:56,(anonymous_16)
FN:65,(anonymous_17)
FN:71,(anonymous_18)
FN:82,(anonymous_19)
FNF:13
FNH:0
FNDA:0,NetworkErrorHandler
FNDA:0,(anonymous_8)
FNDA:0,(anonymous_9)
FNDA:0,(anonymous_10)
FNDA:0,(anonymous_11)
FNDA:0,(anonymous_12)
FNDA:0,(anonymous_13)
FNDA:0,(anonymous_14)
FNDA:0,(anonymous_15)
FNDA:0,(anonymous_16)
FNDA:0,(anonymous_17)
FNDA:0,(anonymous_18)
FNDA:0,(anonymous_19)
DA:30,0
DA:31,0
DA:32,0
DA:34,0
DA:35,0
DA:36,0
DA:38,0
DA:39,0
DA:41,0
DA:42,0
DA:43,0
DA:47,0
DA:48,0
DA:49,0
DA:50,0
DA:52,0
DA:56,0
DA:57,0
DA:59,0
DA:62,0
DA:63,0
DA:65,0
DA:66,0
DA:67,0
DA:71,0
DA:72,0
DA:73,0
DA:74,0
DA:75,0
DA:76,0
DA:77,0
DA:80,0
DA:82,0
DA:83,0
DA:85,0
DA:93,0
DA:101,0
DA:109,0
DA:117,0
DA:125,0
DA:135,0
DA:137,0
DA:139,0
LF:43
LH:0
BRDA:27,0,0,0
BRDA:28,1,0,0
BRDA:48,2,0,0
BRDA:57,3,0,0
BRDA:66,4,0,0
BRDA:66,4,1,0
BRDA:66,5,0,0
BRDA:66,5,1,0
BRDA:72,6,0,0
BRDA:73,7,0,0
BRDA:73,8,0,0
BRDA:73,8,1,0
BRDA:73,9,0,0
BRDA:73,9,1,0
BRDA:73,10,0,0
BRDA:73,10,1,0
BRDA:73,11,0,0
BRDA:73,11,1,0
BRDA:74,12,0,0
BRDA:74,13,0,0
BRDA:74,13,1,0
BRDA:74,14,0,0
BRDA:74,14,1,0
BRDA:74,15,0,0
BRDA:74,15,1,0
BRDA:74,16,0,0
BRDA:74,16,1,0
BRDA:75,17,0,0
BRDA:75,18,0,0
BRDA:75,18,1,0
BRDA:75,19,0,0
BRDA:75,19,1,0
BRDA:75,20,0,0
BRDA:75,20,1,0
BRDA:75,21,0,0
BRDA:75,21,1,0
BRDA:76,22,0,0
BRDA:76,23,0,0
BRDA:76,23,1,0
BRDA:76,24,0,0
BRDA:76,24,1,0
BRDA:76,25,0,0
BRDA:76,25,1,0
BRDA:76,26,0,0
BRDA:76,26,1,0
BRDA:83,27,0,0
BRDA:83,27,1,0
BRDA:83,27,2,0
BRDA:83,27,3,0
BRDA:83,27,4,0
BRDA:83,27,5,0
BRDA:137,28,0,0
BRDA:152,29,0,0
BRDA:152,29,1,0
BRDA:158,30,0,0
BRDA:158,30,1,0
BRDA:171,31,0,0
BRDA:171,31,1,0
BRDA:176,32,0,0
BRDA:176,32,1,0
BRDA:176,32,2,0
BRDA:179,33,0,0
BRDA:179,33,1,0
BRDA:193,34,0,0
BRDA:193,34,1,0
BRDA:206,35,0,0
BRDA:206,35,1,0
BRF:67
BRH:0
end_of_record
TN:
SF:client/src/components/feedback/feedback-widget.tsx
FN:21,FeedbackWidget
FN:29,(anonymous_8)
FN:29,(anonymous_9)
FN:85,(anonymous_10)
FN:102,(anonymous_11)
FN:133,(anonymous_12)
FN:143,(anonymous_13)
FNF:7
FNH:0
FNDA:0,FeedbackWidget
FNDA:0,(anonymous_8)
FNDA:0,(anonymous_9)
FNDA:0,(anonymous_10)
FNDA:0,(anonymous_11)
FNDA:0,(anonymous_12)
FNDA:0,(anonymous_13)
DA:22,0
DA:23,0
DA:24,0
DA:25,0
DA:26,0
DA:27,0
DA:29,0
DA:30,0
DA:31,0
DA:32,0
DA:37,0
DA:40,0
DA:42,0
DA:52,0
DA:54,0
DA:57,0
DA:58,0
DA:59,0
DA:61,0
DA:67,0
DA:68,0
DA:69,0
DA:71,0
DA:77,0
DA:81,0
DA:85,0
DA:102,0
DA:133,0
DA:143,0
LF:29
LH:0
BRDA:31,0,0,0
BRDA:31,1,0,0
BRDA:31,1,1,0
BRDA:48,2,0,0
BRDA:48,2,1,0
BRDA:48,3,0,0
BRDA:48,3,1,0
BRDA:49,4,0,0
BRDA:49,4,1,0
BRDA:49,5,0,0
BRDA:49,5,1,0
BRDA:49,6,0,0
BRDA:49,6,1,0
BRDA:57,7,0,0
BRDA:57,7,1,0
BRDA:94,8,0,0
BRDA:94,8,1,0
BRDA:150,9,0,0
BRDA:150,9,1,0
BRDA:150,9,2,0
BRDA:153,10,0,0
BRDA:153,10,1,0
BRF:22
BRH:0
end_of_record
TN:
SF:client/src/components/hub/multi-step-job-form.tsx
FN:45,MultiStepJobForm
FN:56,(anonymous_1)
FN:59,(anonymous_2)
FN:63,(anonymous_3)
FN:71,(anonymous_4)
FN:72,(anonymous_5)
FN:77,(anonymous_6)
FN:90,(anonymous_7)
FN:96,(anonymous_8)
FN:102,(anonymous_9)
FN:107,(anonymous_10)
FN:124,(anonymous_11)
FN:160,(anonymous_12)
FN:172,(anonymous_13)
FN:182,(anonymous_14)
FN:188,(anonymous_15)
FN:199,(anonymous_16)
FN:200,(anonymous_17)
FN:209,(anonymous_18)
FN:236,(anonymous_19)
FN:246,(anonymous_20)
FN:258,(anonymous_21)
FN:271,(anonymous_22)
FN:278,(anonymous_23)
FN:298,(anonymous_24)
FN:309,(anonymous_25)
FN:317,(anonymous_26)
FN:357,(anonymous_27)
FNF:28
FNH:0
FNDA:0,MultiStepJobForm
FNDA:0,(anonymous_1)
FNDA:0,(anonymous_2)
FNDA:0,(anonymous_3)
FNDA:0,(anonymous_4)
FNDA:0,(anonymous_5)
FNDA:0,(anonymous_6)
FNDA:0,(anonymous_7)
FNDA:0,(anonymous_8)
FNDA:0,(anonymous_9)
FNDA:0,(anonymous_10)
FNDA:0,(anonymous_11)
FNDA:0,(anonymous_12)
FNDA:0,(anonymous_13)
FNDA:0,(anonymous_14)
FNDA:0,(anonymous_15)
FNDA:0,(anonymous_16)
FNDA:0,(anonymous_17)
FNDA:0,(anonymous_18)
FNDA:0,(anonymous_19)
FNDA:0,(anonymous_20)
FNDA:0,(anonymous_21)
FNDA:0,(anonymous_22)
FNDA:0,(anonymous_23)
FNDA:0,(anonymous_24)
FNDA:0,(anonymous_25)
FNDA:0,(anonymous_26)
FNDA:0,(anonymous_27)
DA:35,0
DA:39,0
DA:54,0
DA:55,0
DA:56,0
DA:59,0
DA:60,0
DA:63,0
DA:64,0
DA:65,0
DA:66,0
DA:67,0
DA:71,0
DA:72,0
DA:73,0
DA:74,0
DA:77,0
DA:78,0
DA:80,0
DA:82,0
DA:84,0
DA:86,0
DA:90,0
DA:91,0
DA:92,0
DA:96,0
DA:97,0
DA:98,0
DA:102,0
DA:103,0
DA:104,0
DA:107,0
DA:108,0
DA:109,0
DA:112,0
DA:125,0
DA:160,0
DA:172,0
DA:183,0
DA:188,0
DA:200,0
DA:210,0
DA:211,0
DA:212,0
DA:213,0
DA:214,0
DA:215,0
DA:236,0
DA:246,0
DA:258,0
DA:271,0
DA:278,0
DA:298,0
DA:309,0
DA:318,0
DA:358,0
LF:56
LH:0
BRDA:52,0,0,0
BRDA:56,1,0,0
BRDA:56,1,1,0
BRDA:64,2,0,0
BRDA:78,3,0,0
BRDA:78,3,1,0
BRDA:78,3,2,0
BRDA:78,3,3,0
BRDA:80,4,0,0
BRDA:80,4,1,0
BRDA:82,5,0,0
BRDA:82,5,1,0
BRDA:82,5,2,0
BRDA:82,5,3,0
BRDA:91,6,0,0
BRDA:91,7,0,0
BRDA:91,7,1,0
BRDA:97,8,0,0
BRDA:116,9,0,0
BRDA:116,9,1,0
BRDA:127,10,0,0
BRDA:127,10,1,0
BRDA:129,11,0,0
BRDA:129,11,1,0
BRDA:133,12,0,0
BRDA:133,12,1,0
BRDA:135,13,0,0
BRDA:135,13,1,0
BRDA:137,14,0,0
BRDA:137,14,1,0
BRDA:145,15,0,0
BRDA:145,15,1,0
BRDA:146,16,0,0
BRDA:146,16,1,0
BRDA:147,17,0,0
BRDA:147,17,1,0
BRDA:153,18,0,0
BRDA:153,18,1,0
BRDA:186,19,0,0
BRDA:186,19,1,0
BRDA:188,20,0,0
BRDA:188,20,1,0
BRDA:196,21,0,0
BRDA:196,21,1,0
BRDA:210,22,0,0
BRDA:213,23,0,0
BRDA:227,24,0,0
BRDA:227,24,1,0
BRDA:328,25,0,0
BRDA:328,25,1,0
BRDA:353,26,0,0
BRDA:353,26,1,0
BRDA:378,27,0,0
BRDA:378,27,1,0
BRDA:397,28,0,0
BRDA:397,28,1,0
BRDA:414,29,0,0
BRDA:414,29,1,0
BRF:58
BRH:0
end_of_record
TN:
SF:client/src/components/insurance/insurance-support.tsx
FN:67,InsuranceSupport
FN:73,(anonymous_1)
FN:98,(anonymous_2)
FN:104,(anonymous_3)
FN:115,(anonymous_4)
FN:161,(anonymous_5)
FN:170,(anonymous_6)
FN:205,(anonymous_7)
FN:227,(anonymous_8)
FN:237,(anonymous_9)
FN:246,(anonymous_10)
FNF:11
FNH:0
FNDA:0,InsuranceSupport
FNDA:0,(anonymous_1)
FNDA:0,(anonymous_2)
FNDA:0,(anonymous_3)
FNDA:0,(anonymous_4)
FNDA:0,(anonymous_5)
FNDA:0,(anonymous_6)
FNDA:0,(anonymous_7)
FNDA:0,(anonymous_8)
FNDA:0,(anonymous_9)
FNDA:0,(anonymous_10)
DA:34,0
DA:68,0
DA:69,0
DA:70,0
DA:71,0
DA:73,0
DA:75,0
DA:82,0
DA:84,0
DA:90,0
DA:93,0
DA:94,0
DA:98,0
DA:99,0
DA:100,0
DA:104,0
DA:105,0
DA:107,0
DA:109,0
DA:111,0
DA:115,0
DA:116,0
DA:117,0
DA:128,0
DA:129,0
DA:140,0
DA:143,0
DA:161,0
DA:170,0
DA:206,0
DA:228,0
DA:237,0
DA:246,0
LF:33
LH:0
BRDA:93,0,0,0
BRDA:99,1,0,0
BRDA:105,2,0,0
BRDA:105,2,1,0
BRDA:105,2,2,0
BRDA:116,3,0,0
BRDA:128,4,0,0
BRDA:170,5,0,0
BRDA:170,5,1,0
BRDA:197,6,0,0
BRDA:197,6,1,0
BRF:11
BRH:0
end_of_record
TN:
SF:client/src/components/job-feed/google-map-view.tsx
FN:18,GoogleMapView
FN:35,(anonymous_8)
FN:38,(anonymous_9)
FN:38,(anonymous_10)
FN:98,(anonymous_11)
FN:118,(anonymous_12)
FN:121,(anonymous_13)
FN:121,(anonymous_14)
FN:126,(anonymous_15)
FN:135,(anonymous_16)
FN:151,(anonymous_17)
FN:180,(anonymous_18)
FN:191,(anonymous_19)
FN:224,(anonymous_20)
FN:283,(anonymous_21)
FN:287,(anonymous_22)
FN:300,(anonymous_23)
FN:321,(anonymous_24)
FN:344,(anonymous_25)
FN:371,(anonymous_26)
FN:413,(anonymous_27)
FN:437,(anonymous_28)
FNF:22
FNH:0
FNDA:0,GoogleMapView
FNDA:0,(anonymous_8)
FNDA:0,(anonymous_9)
FNDA:0,(anonymous_10)
FNDA:0,(anonymous_11)
FNDA:0,(anonymous_12)
FNDA:0,(anonymous_13)
FNDA:0,(anonymous_14)
FNDA:0,(anonymous_15)
FNDA:0,(anonymous_16)
FNDA:0,(anonymous_17)
FNDA:0,(anonymous_18)
FNDA:0,(anonymous_19)
FNDA:0,(anonymous_20)
FNDA:0,(anonymous_21)
FNDA:0,(anonymous_22)
FNDA:0,(anonymous_23)
FNDA:0,(anonymous_24)
FNDA:0,(anonymous_25)
FNDA:0,(anonymous_26)
FNDA:0,(anonymous_27)
FNDA:0,(anonymous_28)
DA:26,0
DA:27,0
DA:28,0
DA:29,0
DA:30,0
DA:31,0
DA:32,0
DA:35,0
DA:36,0
DA:38,0
DA:39,0
DA:40,0
DA:41,0
DA:43,0
DA:60,0
DA:63,0
DA:75,0
DA:76,0
DA:83,0
DA:84,0
DA:86,0
DA:87,0
DA:88,0
DA:90,0
DA:94,0
DA:98,0
DA:99,0
DA:100,0
DA:113,0
DA:114,0
DA:118,0
DA:119,0
DA:121,0
DA:122,0
DA:123,0
DA:126,0
DA:127,0
DA:130,0
DA:131,0
DA:135,0
DA:136,0
DA:137,0
DA:140,0
DA:141,0
DA:143,0
DA:151,0
DA:152,0
DA:154,0
DA:164,0
DA:165,0
DA:168,0
DA:172,0
DA:176,0
DA:180,0
DA:181,0
DA:182,0
DA:184,0
DA:185,0
DA:187,0
DA:191,0
DA:192,0
DA:205,0
DA:206,0
DA:209,0
DA:210,0
DA:217,0
DA:218,0
DA:225,0
DA:226,0
DA:227,0
DA:284,0
DA:285,0
DA:286,0
DA:288,0
DA:289,0
DA:290,0
DA:300,0
DA:321,0
DA:345,0
DA:364,0
DA:372,0
DA:373,0
DA:374,0
DA:413,0
DA:438,0
LF:85
LH:0
BRDA:36,0,0,0
BRDA:104,1,0,0
BRDA:104,1,1,0
BRDA:105,2,0,0
BRDA:105,2,1,0
BRDA:109,3,0,0
BRDA:109,3,1,0
BRDA:119,4,0,0
BRDA:119,5,0,0
BRDA:119,5,1,0
BRDA:130,6,0,0
BRDA:140,7,0,0
BRDA:164,8,0,0
BRDA:164,8,1,0
BRDA:164,9,0,0
BRDA:164,9,1,0
BRDA:165,10,0,0
BRDA:165,10,1,0
BRDA:165,11,0,0
BRDA:165,11,1,0
BRDA:205,12,0,0
BRDA:205,12,1,0
BRDA:205,13,0,0
BRDA:205,13,1,0
BRDA:205,14,0,0
BRDA:205,14,1,0
BRDA:206,15,0,0
BRDA:206,15,1,0
BRDA:217,16,0,0
BRDA:217,17,0,0
BRDA:217,17,1,0
BRDA:310,18,0,0
BRDA:310,18,1,0
BRDA:331,19,0,0
BRDA:331,19,1,0
BRDA:331,20,0,0
BRDA:331,20,1,0
BRDA:331,21,0,0
BRDA:331,21,1,0
BRDA:331,22,0,0
BRDA:331,22,1,0
BRDA:331,23,0,0
BRDA:331,23,1,0
BRDA:331,24,0,0
BRDA:331,24,1,0
BRDA:344,25,0,0
BRDA:344,25,1,0
BRDA:384,26,0,0
BRDA:384,26,1,0
BRDA:402,27,0,0
BRDA:402,27,1,0
BRDA:437,28,0,0
BRDA:437,28,1,0
BRF:53
BRH:0
end_of_record
TN:
SF:client/src/components/job-feed/job-application-modal.tsx
FN:21,JobApplicationModal
FN:30,(anonymous_8)
FN:30,(anonymous_9)
FN:34,(anonymous_10)
FN:45,(anonymous_11)
FN:54,(anonymous_12)
FN:67,(anonymous_13)
FN:140,(anonymous_14)
FN:176,(anonymous_15)
FNF:9
FNH:0
FNDA:0,JobApplicationModal
FNDA:0,(anonymous_8)
FNDA:0,(anonymous_9)
FNDA:0,(anonymous_10)
FNDA:0,(anonymous_11)
FNDA:0,(anonymous_12)
FNDA:0,(anonymous_13)
FNDA:0,(anonymous_14)
FNDA:0,(anonymous_15)
DA:22,0
DA:23,0
DA:24,0
DA:26,0
DA:27,0
DA:29,0
DA:30,0
DA:31,0
DA:32,0
DA:35,0
DA:40,0
DA:41,0
DA:42,0
DA:43,0
DA:46,0
DA:54,0
DA:55,0
DA:57,0
DA:58,0
DA:59,0
DA:60,0
DA:63,0
DA:64,0
DA:67,0
DA:68,0
DA:70,0
DA:72,0
DA:77,0
DA:80,0
DA:82,0
DA:84,0
DA:141,0
DA:176,0
LF:33
LH:0
BRDA:31,0,0,0
BRDA:31,0,1,0
BRDA:31,1,0,0
BRDA:31,1,1,0
BRDA:48,2,0,0
BRDA:48,2,1,0
BRDA:57,3,0,0
BRDA:57,3,1,0
BRDA:59,4,0,0
BRDA:70,5,0,0
BRDA:70,6,0,0
BRDA:70,6,1,0
BRDA:70,6,2,0
BRDA:80,7,0,0
BRDA:80,8,0,0
BRDA:80,8,1,0
BRDA:82,9,0,0
BRDA:82,9,1,0
BRDA:82,10,0,0
BRDA:82,10,1,0
BRDA:82,11,0,0
BRDA:82,11,1,0
BRDA:82,12,0,0
BRDA:82,12,1,0
BRDA:82,13,0,0
BRDA:82,13,1,0
BRDA:136,14,0,0
BRDA:136,14,1,0
BRDA:136,14,2,0
BRDA:155,15,0,0
BRDA:155,15,1,0
BRDA:180,16,0,0
BRDA:180,16,1,0
BRDA:182,17,0,0
BRDA:182,17,1,0
BRDA:213,18,0,0
BRDA:213,18,1,0
BRDA:217,19,0,0
BRDA:217,19,1,0
BRF:39
BRH:0
end_of_record
TN:
SF:client/src/components/job-feed/location-search.tsx
FN:48,LocationSearch
FN:61,(anonymous_8)
FN:63,(anonymous_9)
FN:74,(anonymous_10)
FN:75,(anonymous_11)
FN:83,(anonymous_12)
FN:86,(anonymous_13)
FN:86,(anonymous_14)
FN:100,(anonymous_15)
FN:113,(anonymous_16)
FN:121,(anonymous_17)
FN:155,(anonymous_18)
FN:156,(anonymous_19)
FN:157,(anonymous_20)
FN:157,(anonymous_21)
FN:166,(anonymous_22)
FN:170,(anonymous_23)
FN:180,(anonymous_24)
FN:205,(anonymous_25)
FN:211,(anonymous_26)
FN:240,(anonymous_27)
FN:248,(anonymous_28)
FN:256,(anonymous_29)
FN:271,(anonymous_30)
FN:276,(anonymous_31)
FNF:25
FNH:0
FNDA:0,LocationSearch
FNDA:0,(anonymous_8)
FNDA:0,(anonymous_9)
FNDA:0,(anonymous_10)
FNDA:0,(anonymous_11)
FNDA:0,(anonymous_12)
FNDA:0,(anonymous_13)
FNDA:0,(anonymous_14)
FNDA:0,(anonymous_15)
FNDA:0,(anonymous_16)
FNDA:0,(anonymous_17)
FNDA:0,(anonymous_18)
FNDA:0,(anonymous_19)
FNDA:0,(anonymous_20)
FNDA:0,(anonymous_21)
FNDA:0,(anonymous_22)
FNDA:0,(anonymous_23)
FNDA:0,(anonymous_24)
FNDA:0,(anonymous_25)
FNDA:0,(anonymous_26)
FNDA:0,(anonymous_27)
FNDA:0,(anonymous_28)
FNDA:0,(anonymous_29)
FNDA:0,(anonymous_30)
FNDA:0,(anonymous_31)
DA:21,0
DA:39,0
DA:57,0
DA:58,0
DA:59,0
DA:61,0
DA:62,0
DA:63,0
DA:64,0
DA:66,0
DA:67,0
DA:69,0
DA:70,0
DA:74,0
DA:75,0
DA:76,0
DA:77,0
DA:78,0
DA:79,0
DA:83,0
DA:84,0
DA:85,0
DA:86,0
DA:87,0
DA:92,0
DA:94,0
DA:95,0
DA:97,0
DA:102,0
DA:103,0
DA:108,0
DA:109,0
DA:113,0
DA:114,0
DA:115,0
DA:117,0
DA:121,0
DA:123,0
DA:155,0
DA:156,0
DA:157,0
DA:167,0
DA:170,0
DA:181,0
DA:182,0
DA:205,0
DA:212,0
DA:241,0
DA:248,0
DA:256,0
DA:272,0
DA:276,0
LF:52
LH:0
BRDA:62,0,0,0
BRDA:62,0,1,0
BRDA:76,1,0,0
BRDA:84,2,0,0
BRDA:84,2,1,0
BRDA:95,3,0,0
BRDA:95,3,1,0
BRDA:114,4,0,0
BRDA:114,4,1,0
BRDA:164,5,0,0
BRDA:164,5,1,0
BRDA:164,5,2,0
BRDA:188,6,0,0
BRDA:188,6,1,0
BRDA:226,7,0,0
BRDA:226,7,1,0
BRDA:236,8,0,0
BRDA:236,8,1,0
BRDA:274,9,0,0
BRDA:274,9,1,0
BRDA:283,10,0,0
BRDA:283,10,1,0
BRF:22
BRH:0
end_of_record
TN:
SF:client/src/components/job-feed/map-view.tsx
FN:25,MapView
FN:38,(anonymous_1)
FN:64,(anonymous_2)
FN:76,(anonymous_3)
FN:87,(anonymous_4)
FN:94,(anonymous_5)
FN:118,(anonymous_6)
FN:199,(anonymous_7)
FN:209,(anonymous_8)
FN:210,(anonymous_9)
FN:211,(anonymous_10)
FN:239,(anonymous_11)
FN:271,(anonymous_12)
FNF:13
FNH:0
FNDA:0,MapView
FNDA:0,(anonymous_1)
FNDA:0,(anonymous_2)
FNDA:0,(anonymous_3)
FNDA:0,(anonymous_4)
FNDA:0,(anonymous_5)
FNDA:0,(anonymous_6)
FNDA:0,(anonymous_7)
FNDA:0,(anonymous_8)
FNDA:0,(anonymous_9)
FNDA:0,(anonymous_10)
FNDA:0,(anonymous_11)
FNDA:0,(anonymous_12)
DA:33,0
DA:34,0
DA:35,0
DA:38,0
DA:39,0
DA:52,0
DA:53,0
DA:56,0
DA:57,0
DA:64,0
DA:66,0
DA:67,0
DA:69,0
DA:70,0
DA:72,0
DA:76,0
DA:77,0
DA:78,0
DA:79,0
DA:80,0
DA:83,0
DA:84,0
DA:87,0
DA:88,0
DA:90,0
DA:91,0
DA:93,0
DA:95,0
DA:96,0
DA:102,0
DA:103,0
DA:104,0
DA:111,0
DA:115,0
DA:118,0
DA:119,0
DA:122,0
DA:200,0
DA:209,0
DA:210,0
DA:211,0
DA:239,0
DA:272,0
LF:43
LH:0
BRDA:53,0,0,0
BRDA:53,0,1,0
BRDA:88,1,0,0
BRDA:102,2,0,0
BRDA:130,3,0,0
BRDA:130,3,1,0
BRDA:204,4,0,0
BRDA:204,4,1,0
BRDA:205,5,0,0
BRDA:205,5,1,0
BRDA:205,6,0,0
BRDA:205,6,1,0
BRDA:205,7,0,0
BRDA:205,7,1,0
BRDA:219,8,0,0
BRDA:219,8,1,0
BRDA:228,9,0,0
BRDA:228,9,1,0
BRDA:267,10,0,0
BRDA:267,10,1,0
BRDA:267,10,2,0
BRDA:276,11,0,0
BRDA:276,11,1,0
BRF:23
BRH:0
end_of_record
TN:
SF:client/src/components/jobs/job-posting-modal.tsx
FN:48,JobPostingModal
FN:75,(anonymous_8)
FN:75,(anonymous_9)
FN:79,(anonymous_10)
FN:89,(anonymous_11)
FN:98,(anonymous_12)
FN:121,(anonymous_13)
FN:145,(anonymous_14)
FN:147,(anonymous_15)
FN:155,(anonymous_16)
FN:156,(anonymous_17)
FN:158,(anonymous_18)
FN:162,(anonymous_19)
FN:164,(anonymous_20)
FN:198,(anonymous_21)
FN:198,(anonymous_22)
FN:208,(anonymous_23)
FN:209,(anonymous_24)
FN:230,(anonymous_25)
FN:230,(anonymous_26)
FN:242,(anonymous_27)
FN:242,(anonymous_28)
FN:260,(anonymous_29)
FN:262,(anonymous_30)
FN:274,(anonymous_31)
FN:279,(anonymous_32)
FN:294,(anonymous_33)
FN:299,(anonymous_34)
FN:327,(anonymous_35)
FN:327,(anonymous_36)
FN:336,(anonymous_37)
FN:337,(anonymous_38)
FN:357,(anonymous_39)
FN:357,(anonymous_40)
FN:374,(anonymous_41)
FN:374,(anonymous_42)
FN:388,(anonymous_43)
FN:388,(anonymous_44)
FN:400,(anonymous_45)
FN:400,(anonymous_46)
FN:425,(anonymous_47)
FN:425,(anonymous_48)
FN:440,(anonymous_49)
FN:440,(anonymous_50)
FN:457,(anonymous_51)
FN:457,(anonymous_52)
FN:472,(anonymous_53)
FN:472,(anonymous_54)
FNF:48
FNH:0
FNDA:0,JobPostingModal
FNDA:0,(anonymous_8)
FNDA:0,(anonymous_9)
FNDA:0,(anonymous_10)
FNDA:0,(anonymous_11)
FNDA:0,(anonymous_12)
FNDA:0,(anonymous_13)
FNDA:0,(anonymous_14)
FNDA:0,(anonymous_15)
FNDA:0,(anonymous_16)
FNDA:0,(anonymous_17)
FNDA:0,(anonymous_18)
FNDA:0,(anonymous_19)
FNDA:0,(anonymous_20)
FNDA:0,(anonymous_21)
FNDA:0,(anonymous_22)
FNDA:0,(anonymous_23)
FNDA:0,(anonymous_24)
FNDA:0,(anonymous_25)
FNDA:0,(anonymous_26)
FNDA:0,(anonymous_27)
FNDA:0,(anonymous_28)
FNDA:0,(anonymous_29)
FNDA:0,(anonymous_30)
FNDA:0,(anonymous_31)
FNDA:0,(anonymous_32)
FNDA:0,(anonymous_33)
FNDA:0,(anonymous_34)
FNDA:0,(anonymous_35)
FNDA:0,(anonymous_36)
FNDA:0,(anonymous_37)
FNDA:0,(anonymous_38)
FNDA:0,(anonymous_39)
FNDA:0,(anonymous_40)
FNDA:0,(anonymous_41)
FNDA:0,(anonymous_42)
FNDA:0,(anonymous_43)
FNDA:0,(anonymous_44)
FNDA:0,(anonymous_45)
FNDA:0,(anonymous_46)
FNDA:0,(anonymous_47)
FNDA:0,(anonymous_48)
FNDA:0,(anonymous_49)
FNDA:0,(anonymous_50)
FNDA:0,(anonymous_51)
FNDA:0,(anonymous_52)
FNDA:0,(anonymous_53)
FNDA:0,(anonymous_54)
DA:41,0
DA:49,0
DA:50,0
DA:52,0
DA:72,0
DA:74,0
DA:75,0
DA:76,0
DA:77,0
DA:80,0
DA:84,0
DA:85,0
DA:86,0
DA:87,0
DA:90,0
DA:98,0
DA:99,0
DA:118,0
DA:121,0
DA:122,0
DA:124,0
DA:125,0
DA:130,0
DA:133,0
DA:142,0
DA:145,0
DA:146,0
DA:147,0
DA:151,0
DA:155,0
DA:156,0
DA:158,0
DA:162,0
DA:163,0
DA:164,0
DA:171,0
DA:173,0
DA:198,0
DA:209,0
DA:230,0
DA:242,0
DA:260,0
DA:262,0
DA:275,0
DA:279,0
DA:295,0
DA:299,0
DA:327,0
DA:337,0
DA:357,0
DA:374,0
DA:388,0
DA:400,0
DA:425,0
DA:440,0
DA:457,0
DA:472,0
LF:57
LH:0
BRDA:124,0,0,0
BRDA:124,1,0,0
BRDA:124,1,1,0
BRDA:124,1,2,0
BRDA:146,2,0,0
BRDA:146,3,0,0
BRDA:146,3,1,0
BRDA:163,4,0,0
BRDA:171,5,0,0
BRDA:262,6,0,0
BRDA:262,6,1,0
BRDA:277,7,0,0
BRDA:277,7,1,0
BRDA:283,8,0,0
BRDA:283,8,1,0
BRDA:290,9,0,0
BRDA:290,9,1,0
BRDA:499,10,0,0
BRDA:499,10,1,0
BRF:19
BRH:0
end_of_record
TN:
SF:client/src/components/layout/footer.tsx
FN:17,Footer
FNF:1
FNH:0
FNDA:0,Footer
DA:18,0
DA:20,0
LF:2
LH:0
BRF:0
BRH:0
end_of_record
TN:
SF:client/src/components/loading/loading-spinner.tsx
FN:3,LoadingSpinner
FN:17,PageLoadingFallback
FN:28,ComponentLoadingFallback
FNF:3
FNH:0
FNDA:0,LoadingSpinner
FNDA:0,PageLoadingFallback
FNDA:0,ComponentLoadingFallback
DA:4,0
DA:10,0
DA:18,0
DA:29,0
LF:4
LH:0
BRDA:3,0,0,0
BRF:1
BRH:0
end_of_record
TN:
SF:client/src/components/messaging/conversation.tsx
FN:19,Conversation
FN:27,(anonymous_8)
FN:33,(anonymous_9)
FN:37,(anonymous_10)
FN:45,(anonymous_11)
FN:49,(anonymous_12)
FN:53,(anonymous_13)
FN:53,(anonymous_14)
FN:68,(anonymous_15)
FN:75,(anonymous_16)
FN:80,(anonymous_17)
FN:90,(anonymous_18)
FN:99,(anonymous_19)
FN:100,(anonymous_20)
FN:145,(anonymous_21)
FN:209,(anonymous_22)
FNF:16
FNH:0
FNDA:0,Conversation
FNDA:0,(anonymous_8)
FNDA:0,(anonymous_9)
FNDA:0,(anonymous_10)
FNDA:0,(anonymous_11)
FNDA:0,(anonymous_12)
FNDA:0,(anonymous_13)
FNDA:0,(anonymous_14)
FNDA:0,(anonymous_15)
FNDA:0,(anonymous_16)
FNDA:0,(anonymous_17)
FNDA:0,(anonymous_18)
FNDA:0,(anonymous_19)
FNDA:0,(anonymous_20)
FNDA:0,(anonymous_21)
FNDA:0,(anonymous_22)
DA:20,0
DA:21,0
DA:22,0
DA:23,0
DA:24,0
DA:25,0
DA:27,0
DA:28,0
DA:31,0
DA:33,0
DA:34,0
DA:35,0
DA:37,0
DA:38,0
DA:42,0
DA:45,0
DA:46,0
DA:49,0
DA:50,0
DA:53,0
DA:54,0
DA:55,0
DA:57,0
DA:58,0
DA:59,0
DA:60,0
DA:62,0
DA:64,0
DA:68,0
DA:69,0
DA:70,0
DA:72,0
DA:75,0
DA:76,0
DA:77,0
DA:80,0
DA:81,0
DA:82,0
DA:83,0
DA:85,0
DA:86,0
DA:87,0
DA:90,0
DA:91,0
DA:93,0
DA:94,0
DA:96,0
DA:99,0
DA:100,0
DA:103,0
DA:104,0
DA:107,0
DA:146,0
DA:147,0
DA:149,0
DA:209,0
LF:56
LH:0
BRDA:28,0,0,0
BRDA:31,1,0,0
BRDA:31,1,1,0
BRDA:31,2,0,0
BRDA:31,2,1,0
BRDA:31,3,0,0
BRDA:31,3,1,0
BRDA:38,4,0,0
BRDA:38,4,1,0
BRDA:38,5,0,0
BRDA:38,5,1,0
BRDA:38,6,0,0
BRDA:38,6,1,0
BRDA:50,7,0,0
BRDA:50,7,1,0
BRDA:50,8,0,0
BRDA:50,8,1,0
BRDA:55,9,0,0
BRDA:55,10,0,0
BRDA:55,10,1,0
BRDA:55,10,2,0
BRDA:69,11,0,0
BRDA:69,12,0,0
BRDA:69,12,1,0
BRDA:72,13,0,0
BRDA:72,13,1,0
BRDA:85,14,0,0
BRDA:86,15,0,0
BRDA:91,16,0,0
BRDA:103,17,0,0
BRDA:111,18,0,0
BRDA:111,18,1,0
BRDA:135,19,0,0
BRDA:135,19,1,0
BRDA:139,20,0,0
BRDA:139,20,1,0
BRDA:151,21,0,0
BRDA:151,21,1,0
BRDA:160,22,0,0
BRDA:160,22,1,0
BRDA:163,23,0,0
BRDA:163,23,1,0
BRDA:174,24,0,0
BRDA:174,24,1,0
BRDA:183,25,0,0
BRDA:183,25,1,0
BRDA:189,26,0,0
BRDA:189,26,1,0
BRDA:193,27,0,0
BRDA:193,27,1,0
BRDA:217,28,0,0
BRDA:217,28,1,0
BRF:52
BRH:0
end_of_record
TN:
SF:client/src/components/messaging/messaging-modal.tsx
FN:17,MessagingModal
FN:28,(anonymous_8)
FN:34,(anonymous_9)
FN:40,(anonymous_10)
FN:40,(anonymous_11)
FNF:5
FNH:0
FNDA:0,MessagingModal
FNDA:0,(anonymous_8)
FNDA:0,(anonymous_9)
FNDA:0,(anonymous_10)
FNDA:0,(anonymous_11)
DA:23,0
DA:24,0
DA:25,0
DA:26,0
DA:28,0
DA:29,0
DA:30,0
DA:31,0
DA:34,0
DA:35,0
DA:36,0
DA:37,0
DA:40,0
DA:41,0
DA:43,0
DA:44,0
DA:53,0
DA:55,0
DA:59,0
LF:19
LH:0
BRDA:41,0,0,0
BRDA:47,1,0,0
BRDA:47,1,1,0
BRDA:49,2,0,0
BRDA:49,2,1,0
BRDA:74,3,0,0
BRDA:74,3,1,0
BRDA:74,4,0,0
BRDA:74,4,1,0
BRDA:74,4,2,0
BRDA:97,5,0,0
BRDA:97,5,1,0
BRDA:97,6,0,0
BRDA:97,6,1,0
BRF:14
BRH:0
end_of_record
TN:
SF:client/src/components/messaging/start-chat-button.tsx
FN:18,StartChatButton
FN:31,(anonymous_8)
FN:31,(anonymous_9)
FN:74,(anonymous_10)
FNF:4
FNH:0
FNDA:0,StartChatButton
FNDA:0,(anonymous_8)
FNDA:0,(anonymous_9)
FNDA:0,(anonymous_10)
DA:27,0
DA:28,0
DA:29,0
DA:31,0
DA:32,0
DA:34,0
DA:35,0
DA:44,0
DA:45,0
DA:47,0
DA:51,0
DA:52,0
DA:55,0
DA:74,0
LF:14
LH:0
BRDA:24,0,0,0
BRDA:25,1,0,0
BRDA:32,2,0,0
BRDA:38,3,0,0
BRDA:38,3,1,0
BRDA:40,4,0,0
BRDA:40,4,1,0
BRDA:51,5,0,0
BRDA:51,6,0,0
BRDA:51,6,1,0
BRDA:64,7,0,0
BRDA:64,7,1,0
BRDA:76,8,0,0
BRDA:76,8,1,0
BRF:14
BRH:0
end_of_record
TN:
SF:client/src/components/mobile/mobile-job-filter.tsx
FN:20,MobileJobFilter
FN:23,(anonymous_1)
FN:27,(anonymous_2)
FN:59,(anonymous_3)
FN:70,(anonymous_4)
FN:90,(anonymous_5)
FN:109,(anonymous_6)
FNF:7
FNH:0
FNDA:0,MobileJobFilter
FNDA:0,(anonymous_1)
FNDA:0,(anonymous_2)
FNDA:0,(anonymous_3)
FNDA:0,(anonymous_4)
FNDA:0,(anonymous_5)
FNDA:0,(anonymous_6)
DA:21,0
DA:23,0
DA:24,0
DA:27,0
DA:28,0
DA:36,0
DA:59,0
DA:70,0
DA:90,0
DA:109,0
LF:10
LH:0
BRF:0
BRH:0
end_of_record
TN:
SF:client/src/components/mobile/mobile-messaging.tsx
FN:46,MobileMessaging
FN:58,(anonymous_8)
FN:58,(anonymous_9)
FN:66,(anonymous_10)
FN:66,(anonymous_11)
FN:75,(anonymous_12)
FN:75,(anonymous_13)
FN:79,(anonymous_14)
FN:84,(anonymous_15)
FN:93,(anonymous_16)
FN:102,(anonymous_17)
FN:106,(anonymous_18)
FN:110,(anonymous_19)
FN:114,(anonymous_20)
FN:123,(anonymous_21)
FN:132,(anonymous_22)
FN:181,(anonymous_23)
FN:192,(anonymous_24)
FN:222,(anonymous_25)
FN:223,(anonymous_26)
FN:252,(anonymous_27)
FN:252,(anonymous_28)
FN:260,(anonymous_29)
FN:268,(anonymous_30)
FN:288,(anonymous_31)
FN:303,(anonymous_32)
FN:323,(anonymous_33)
FN:331,(anonymous_34)
FN:335,(anonymous_35)
FN:339,(anonymous_36)
FN:388,(anonymous_37)
FNF:31
FNH:0
FNDA:0,MobileMessaging
FNDA:0,(anonymous_8)
FNDA:0,(anonymous_9)
FNDA:0,(anonymous_10)
FNDA:0,(anonymous_11)
FNDA:0,(anonymous_12)
FNDA:0,(anonymous_13)
FNDA:0,(anonymous_14)
FNDA:0,(anonymous_15)
FNDA:0,(anonymous_16)
FNDA:0,(anonymous_17)
FNDA:0,(anonymous_18)
FNDA:0,(anonymous_19)
FNDA:0,(anonymous_20)
FNDA:0,(anonymous_21)
FNDA:0,(anonymous_22)
FNDA:0,(anonymous_23)
FNDA:0,(anonymous_24)
FNDA:0,(anonymous_25)
FNDA:0,(anonymous_26)
FNDA:0,(anonymous_27)
FNDA:0,(anonymous_28)
FNDA:0,(anonymous_29)
FNDA:0,(anonymous_30)
FNDA:0,(anonymous_31)
FNDA:0,(anonymous_32)
FNDA:0,(anonymous_33)
FNDA:0,(anonymous_34)
FNDA:0,(anonymous_35)
FNDA:0,(anonymous_36)
FNDA:0,(anonymous_37)
DA:47,0
DA:48,0
DA:49,0
DA:50,0
DA:51,0
DA:52,0
DA:53,0
DA:54,0
DA:56,0
DA:58,0
DA:59,0
DA:60,0
DA:64,0
DA:66,0
DA:67,0
DA:68,0
DA:69,0
DA:74,0
DA:75,0
DA:76,0
DA:77,0
DA:80,0
DA:81,0
DA:82,0
DA:85,0
DA:93,0
DA:94,0
DA:96,0
DA:102,0
DA:103,0
DA:106,0
DA:107,0
DA:110,0
DA:111,0
DA:114,0
DA:115,0
DA:116,0
DA:120,0
DA:123,0
DA:125,0
DA:129,0
DA:132,0
DA:134,0
DA:135,0
DA:182,0
DA:193,0
DA:194,0
DA:222,0
DA:224,0
DA:225,0
DA:226,0
DA:252,0
DA:260,0
DA:268,0
DA:280,0
DA:288,0
DA:303,0
DA:323,0
DA:332,0
DA:336,0
DA:339,0
DA:388,0
LF:62
LH:0
BRDA:56,0,0,0
BRDA:64,1,0,0
BRDA:67,2,0,0
BRDA:87,3,0,0
BRDA:87,3,1,0
BRDA:94,4,0,0
BRDA:94,5,0,0
BRDA:94,5,1,0
BRDA:134,6,0,0
BRDA:134,7,0,0
BRDA:134,7,1,0
BRDA:171,8,0,0
BRDA:171,8,1,0
BRDA:176,9,0,0
BRDA:176,9,1,0
BRDA:184,10,0,0
BRDA:184,10,1,0
BRDA:184,11,0,0
BRDA:184,11,1,0
BRDA:184,12,0,0
BRDA:184,12,1,0
BRDA:188,13,0,0
BRDA:188,13,1,0
BRDA:188,14,0,0
BRDA:188,14,1,0
BRDA:188,15,0,0
BRDA:188,15,1,0
BRDA:200,16,0,0
BRDA:200,16,1,0
BRDA:200,17,0,0
BRDA:200,17,1,0
BRDA:200,18,0,0
BRDA:200,18,1,0
BRDA:224,19,0,0
BRDA:224,20,0,0
BRDA:224,20,1,0
BRDA:235,21,0,0
BRDA:235,21,1,0
BRDA:244,22,0,0
BRDA:244,22,1,0
BRDA:252,23,0,0
BRDA:252,23,1,0
BRDA:252,24,0,0
BRDA:252,24,1,0
BRDA:252,25,0,0
BRDA:252,25,1,0
BRDA:311,26,0,0
BRDA:311,26,1,0
BRDA:316,27,0,0
BRDA:316,27,1,0
BRDA:332,28,0,0
BRDA:332,28,1,0
BRDA:351,29,0,0
BRDA:351,29,1,0
BRDA:382,30,0,0
BRDA:382,30,1,0
BRF:56
BRH:0
end_of_record
TN:
SF:client/src/components/mobile/mobile-offline-support.tsx
FN:27,OfflineSupport
FN:33,(anonymous_8)
FN:34,(anonymous_9)
FN:38,(anonymous_10)
FN:49,(anonymous_11)
FN:55,(anonymous_12)
FN:55,(anonymous_13)
FN:77,(anonymous_14)
FN:93,(anonymous_15)
FN:106,(anonymous_16)
FN:107,(anonymous_17)
FN:110,(anonymous_18)
FN:188,(anonymous_19)
FN:215,useOfflineSupport
FN:219,(anonymous_21)
FN:220,(anonymous_22)
FN:221,(anonymous_23)
FN:232,(anonymous_24)
FN:238,(anonymous_25)
FN:251,(anonymous_26)
FN:252,(anonymous_27)
FN:264,CachedContentIndicator
FNF:22
FNH:0
FNDA:0,OfflineSupport
FNDA:0,(anonymous_8)
FNDA:0,(anonymous_9)
FNDA:0,(anonymous_10)
FNDA:0,(anonymous_11)
FNDA:0,(anonymous_12)
FNDA:0,(anonymous_13)
FNDA:0,(anonymous_14)
FNDA:0,(anonymous_15)
FNDA:0,(anonymous_16)
FNDA:0,(anonymous_17)
FNDA:0,(anonymous_18)
FNDA:0,(anonymous_19)
FNDA:0,useOfflineSupport
FNDA:0,(anonymous_21)
FNDA:0,(anonymous_22)
FNDA:0,(anonymous_23)
FNDA:0,(anonymous_24)
FNDA:0,(anonymous_25)
FNDA:0,(anonymous_26)
FNDA:0,(anonymous_27)
FNDA:0,CachedContentIndicator
DA:28,0
DA:29,0
DA:30,0
DA:31,0
DA:33,0
DA:34,0
DA:35,0
DA:36,0
DA:38,0
DA:40,0
DA:41,0
DA:44,0
DA:45,0
DA:46,0
DA:49,0
DA:50,0
DA:51,0
DA:55,0
DA:56,0
DA:58,0
DA:59,0
DA:61,0
DA:62,0
DA:63,0
DA:65,0
DA:67,0
DA:75,0
DA:77,0
DA:78,0
DA:79,0
DA:82,0
DA:85,0
DA:88,0
DA:89,0
DA:93,0
DA:94,0
DA:101,0
DA:102,0
DA:103,0
DA:106,0
DA:107,0
DA:110,0
DA:111,0
DA:112,0
DA:115,0
DA:188,0
DA:216,0
DA:217,0
DA:219,0
DA:220,0
DA:221,0
DA:223,0
DA:224,0
DA:227,0
DA:228,0
DA:229,0
DA:232,0
DA:233,0
DA:234,0
DA:238,0
DA:239,0
DA:246,0
DA:247,0
DA:248,0
DA:251,0
DA:252,0
DA:255,0
DA:265,0
DA:267,0
LF:69
LH:0
BRDA:45,0,0,0
BRDA:56,1,0,0
BRDA:75,2,0,0
BRDA:118,3,0,0
BRDA:118,3,1,0
BRDA:128,4,0,0
BRDA:128,4,1,0
BRDA:138,5,0,0
BRDA:138,5,1,0
BRDA:138,5,2,0
BRDA:138,5,3,0
BRDA:148,6,0,0
BRDA:148,6,1,0
BRDA:153,7,0,0
BRDA:153,7,1,0
BRDA:167,8,0,0
BRDA:167,8,1,0
BRDA:194,9,0,0
BRDA:194,9,1,0
BRDA:228,10,0,0
BRDA:265,11,0,0
BRF:21
BRH:0
end_of_record
TN:
SF:client/src/components/mobile/mobile-touch-interactions.tsx
FN:14,SwipeableCard
FN:28,(anonymous_8)
FN:35,(anonymous_9)
FN:41,(anonymous_10)
FN:54,(anonymous_11)
FN:79,(anonymous_12)
FN:84,(anonymous_13)
FN:90,(anonymous_14)
FN:100,(anonymous_15)
FN:125,(anonymous_16)
FN:126,(anonymous_17)
FN:132,(anonymous_18)
FN:141,(anonymous_19)
FN:204,PullToRefresh
FN:215,(anonymous_21)
FN:222,(anonymous_22)
FN:234,(anonymous_23)
FN:234,(anonymous_24)
FN:305,LongPressHandler
FN:313,(anonymous_26)
FN:315,(anonymous_27)
FN:321,(anonymous_28)
FN:329,(anonymous_29)
FN:330,(anonymous_30)
FN:352,MobileTouchInteractionsDemo
FN:357,(anonymous_32)
FN:358,(anonymous_33)
FN:361,(anonymous_34)
FN:362,(anonymous_35)
FN:365,(anonymous_36)
FN:365,(anonymous_37)
FN:366,(anonymous_38)
FN:367,(anonymous_39)
FNF:33
FNH:0
FNDA:0,SwipeableCard
FNDA:0,(anonymous_8)
FNDA:0,(anonymous_9)
FNDA:0,(anonymous_10)
FNDA:0,(anonymous_11)
FNDA:0,(anonymous_12)
FNDA:0,(anonymous_13)
FNDA:0,(anonymous_14)
FNDA:0,(anonymous_15)
FNDA:0,(anonymous_16)
FNDA:0,(anonymous_17)
FNDA:0,(anonymous_18)
FNDA:0,(anonymous_19)
FNDA:0,PullToRefresh
FNDA:0,(anonymous_21)
FNDA:0,(anonymous_22)
FNDA:0,(anonymous_23)
FNDA:0,(anonymous_24)
FNDA:0,LongPressHandler
FNDA:0,(anonymous_26)
FNDA:0,(anonymous_27)
FNDA:0,(anonymous_28)
FNDA:0,(anonymous_29)
FNDA:0,(anonymous_30)
FNDA:0,MobileTouchInteractionsDemo
FNDA:0,(anonymous_32)
FNDA:0,(anonymous_33)
FNDA:0,(anonymous_34)
FNDA:0,(anonymous_35)
FNDA:0,(anonymous_36)
FNDA:0,(anonymous_37)
FNDA:0,(anonymous_38)
FNDA:0,(anonymous_39)
DA:21,0
DA:22,0
DA:23,0
DA:24,0
DA:25,0
DA:26,0
DA:28,0
DA:29,0
DA:30,0
DA:31,0
DA:32,0
DA:35,0
DA:36,0
DA:38,0
DA:41,0
DA:42,0
DA:44,0
DA:45,0
DA:48,0
DA:49,0
DA:50,0
DA:54,0
DA:55,0
DA:57,0
DA:58,0
DA:60,0
DA:61,0
DA:62,0
DA:64,0
DA:65,0
DA:69,0
DA:70,0
DA:71,0
DA:73,0
DA:74,0
DA:75,0
DA:79,0
DA:80,0
DA:81,0
DA:82,0
DA:84,0
DA:85,0
DA:87,0
DA:90,0
DA:91,0
DA:92,0
DA:94,0
DA:95,0
DA:96,0
DA:100,0
DA:101,0
DA:103,0
DA:104,0
DA:106,0
DA:107,0
DA:108,0
DA:110,0
DA:111,0
DA:115,0
DA:116,0
DA:117,0
DA:119,0
DA:120,0
DA:121,0
DA:125,0
DA:126,0
DA:127,0
DA:128,0
DA:132,0
DA:133,0
DA:134,0
DA:138,0
DA:139,0
DA:141,0
DA:142,0
DA:143,0
DA:147,0
DA:149,0
DA:209,0
DA:210,0
DA:211,0
DA:212,0
DA:213,0
DA:215,0
DA:216,0
DA:217,0
DA:218,0
DA:222,0
DA:223,0
DA:225,0
DA:226,0
DA:228,0
DA:229,0
DA:230,0
DA:234,0
DA:235,0
DA:237,0
DA:238,0
DA:239,0
DA:240,0
DA:242,0
DA:246,0
DA:247,0
DA:250,0
DA:252,0
DA:310,0
DA:311,0
DA:313,0
DA:314,0
DA:315,0
DA:316,0
DA:317,0
DA:321,0
DA:322,0
DA:323,0
DA:324,0
DA:325,0
DA:329,0
DA:330,0
DA:331,0
DA:332,0
DA:337,0
DA:353,0
DA:354,0
DA:355,0
DA:357,0
DA:358,0
DA:361,0
DA:362,0
DA:365,0
DA:366,0
DA:367,0
DA:370,0
LF:133
LH:0
BRDA:19,0,0,0
BRDA:36,1,0,0
BRDA:36,1,1,0
BRDA:36,2,0,0
BRDA:36,2,1,0
BRDA:42,3,0,0
BRDA:48,4,0,0
BRDA:55,5,0,0
BRDA:60,6,0,0
BRDA:61,7,0,0
BRDA:61,7,1,0
BRDA:62,8,0,0
BRDA:62,8,1,0
BRDA:62,9,0,0
BRDA:62,9,1,0
BRDA:64,10,0,0
BRDA:64,10,1,0
BRDA:64,11,0,0
BRDA:64,11,1,0
BRDA:73,12,0,0
BRDA:85,13,0,0
BRDA:85,13,1,0
BRDA:85,14,0,0
BRDA:85,14,1,0
BRDA:91,15,0,0
BRDA:94,16,0,0
BRDA:101,17,0,0
BRDA:106,18,0,0
BRDA:107,19,0,0
BRDA:107,19,1,0
BRDA:108,20,0,0
BRDA:108,20,1,0
BRDA:108,21,0,0
BRDA:108,21,1,0
BRDA:110,22,0,0
BRDA:110,22,1,0
BRDA:110,23,0,0
BRDA:110,23,1,0
BRDA:119,24,0,0
BRDA:127,25,0,0
BRDA:133,26,0,0
BRDA:147,27,0,0
BRDA:147,27,1,0
BRDA:169,28,0,0
BRDA:169,28,1,0
BRDA:207,29,0,0
BRDA:216,30,0,0
BRDA:216,31,0,0
BRDA:216,31,1,0
BRDA:216,32,0,0
BRDA:216,32,1,0
BRDA:223,33,0,0
BRDA:228,34,0,0
BRDA:235,35,0,0
BRDA:237,36,0,0
BRDA:263,37,0,0
BRDA:263,37,1,0
BRDA:263,38,0,0
BRDA:263,38,1,0
BRDA:269,39,0,0
BRDA:269,39,1,0
BRDA:284,40,0,0
BRDA:284,40,1,0
BRDA:292,41,0,0
BRDA:292,41,1,0
BRDA:292,42,0,0
BRDA:292,42,1,0
BRDA:308,43,0,0
BRDA:323,44,0,0
BRDA:331,45,0,0
BRDA:344,46,0,0
BRDA:344,46,1,0
BRF:72
BRH:0
end_of_record
TN:
SF:client/src/components/moderation/content-moderation-queue.tsx
FN:39,ContentModerationQueue
FN:53,(anonymous_8)
FN:53,(anonymous_9)
FN:57,(anonymous_10)
FN:69,(anonymous_11)
FN:69,(anonymous_12)
FN:73,(anonymous_13)
FN:84,(anonymous_14)
FN:90,(anonymous_15)
FN:96,(anonymous_16)
FN:107,(anonymous_17)
FN:108,(anonymous_18)
FN:109,(anonymous_19)
FN:110,(anonymous_20)
FN:184,(anonymous_21)
FN:198,(anonymous_22)
FN:204,(anonymous_23)
FN:266,(anonymous_24)
FN:280,(anonymous_25)
FN:314,(anonymous_26)
FN:350,(anonymous_27)
FN:377,(anonymous_28)
FN:390,(anonymous_29)
FN:400,(anonymous_30)
FNF:24
FNH:0
FNDA:0,ContentModerationQueue
FNDA:0,(anonymous_8)
FNDA:0,(anonymous_9)
FNDA:0,(anonymous_10)
FNDA:0,(anonymous_11)
FNDA:0,(anonymous_12)
FNDA:0,(anonymous_13)
FNDA:0,(anonymous_14)
FNDA:0,(anonymous_15)
FNDA:0,(anonymous_16)
FNDA:0,(anonymous_17)
FNDA:0,(anonymous_18)
FNDA:0,(anonymous_19)
FNDA:0,(anonymous_20)
FNDA:0,(anonymous_21)
FNDA:0,(anonymous_22)
FNDA:0,(anonymous_23)
FNDA:0,(anonymous_24)
FNDA:0,(anonymous_25)
FNDA:0,(anonymous_26)
FNDA:0,(anonymous_27)
FNDA:0,(anonymous_28)
FNDA:0,(anonymous_29)
FNDA:0,(anonymous_30)
DA:40,0
DA:41,0
DA:42,0
DA:44,0
DA:48,0
DA:52,0
DA:53,0
DA:54,0
DA:55,0
DA:58,0
DA:62,0
DA:63,0
DA:64,0
DA:68,0
DA:69,0
DA:70,0
DA:71,0
DA:74,0
DA:78,0
DA:79,0
DA:80,0
DA:84,0
DA:85,0
DA:86,0
DA:87,0
DA:90,0
DA:91,0
DA:92,0
DA:93,0
DA:96,0
DA:97,0
DA:98,0
DA:99,0
DA:100,0
DA:101,0
DA:105,0
DA:107,0
DA:108,0
DA:109,0
DA:110,0
DA:113,0
DA:114,0
DA:122,0
DA:185,0
DA:199,0
DA:204,0
DA:267,0
DA:268,0
DA:281,0
DA:282,0
DA:314,0
DA:351,0
DA:378,0
DA:390,0
DA:400,0
LF:55
LH:0
BRDA:44,0,0,0
BRDA:48,1,0,0
BRDA:85,2,0,0
BRDA:86,3,0,0
BRDA:91,4,0,0
BRDA:92,5,0,0
BRDA:97,6,0,0
BRDA:97,6,1,0
BRDA:97,6,2,0
BRDA:97,6,3,0
BRDA:108,7,0,0
BRDA:108,7,1,0
BRDA:113,8,0,0
BRDA:141,9,0,0
BRDA:141,9,1,0
BRDA:186,10,0,0
BRDA:186,10,1,0
BRDA:202,11,0,0
BRDA:202,11,1,0
BRDA:202,12,0,0
BRDA:202,12,1,0
BRDA:202,13,0,0
BRDA:202,13,1,0
BRDA:237,14,0,0
BRDA:237,14,1,0
BRDA:237,14,2,0
BRDA:240,15,0,0
BRDA:240,15,1,0
BRDA:244,16,0,0
BRDA:244,16,1,0
BRDA:304,17,0,0
BRDA:304,17,1,0
BRDA:346,18,0,0
BRDA:346,18,1,0
BRDA:346,18,2,0
BRDA:371,19,0,0
BRDA:371,19,1,0
BRF:37
BRH:0
end_of_record
TN:
SF:client/src/components/notifications/notification-bell.tsx
FN:14,NotificationBell
FN:25,(anonymous_1)
FN:28,(anonymous_2)
FN:29,(anonymous_3)
FN:44,(anonymous_4)
FN:50,(anonymous_5)
FN:53,(anonymous_6)
FN:54,(anonymous_7)
FN:58,(anonymous_8)
FN:62,(anonymous_9)
FN:66,(anonymous_10)
FN:71,(anonymous_11)
FNF:12
FNH:0
FNDA:0,NotificationBell
FNDA:0,(anonymous_1)
FNDA:0,(anonymous_2)
FNDA:0,(anonymous_3)
FNDA:0,(anonymous_4)
FNDA:0,(anonymous_5)
FNDA:0,(anonymous_6)
FNDA:0,(anonymous_7)
FNDA:0,(anonymous_8)
FNDA:0,(anonymous_9)
FNDA:0,(anonymous_10)
FNDA:0,(anonymous_11)
DA:20,0
DA:21,0
DA:22,0
DA:23,0
DA:25,0
DA:28,0
DA:29,0
DA:30,0
DA:36,0
DA:40,0
DA:41,0
DA:44,0
DA:45,0
DA:50,0
DA:51,0
DA:52,0
DA:53,0
DA:54,0
DA:58,0
DA:59,0
DA:62,0
DA:63,0
DA:66,0
DA:67,0
DA:68,0
DA:71,0
DA:72,0
DA:75,0
LF:28
LH:0
BRDA:18,0,0,0
BRDA:30,1,0,0
BRDA:31,2,0,0
BRDA:31,2,1,0
BRDA:31,2,2,0
BRDA:31,2,3,0
BRDA:40,3,0,0
BRDA:51,4,0,0
BRDA:82,5,0,0
BRDA:82,5,1,0
BRDA:84,6,0,0
BRDA:84,6,1,0
BRDA:86,7,0,0
BRDA:86,7,1,0
BRDA:89,8,0,0
BRDA:89,8,1,0
BRDA:94,9,0,0
BRDA:94,9,1,0
BRDA:99,10,0,0
BRDA:99,10,1,0
BRDA:105,11,0,0
BRDA:105,11,1,0
BRF:22
BRH:0
end_of_record
TN:
SF:client/src/components/notifications/notification-demo.tsx
FN:12,NotificationDemo
FN:37,(anonymous_1)
FN:121,(anonymous_2)
FN:122,(anonymous_3)
FN:129,(anonymous_4)
FN:143,(anonymous_5)
FN:143,(anonymous_6)
FN:156,(anonymous_7)
FN:156,(anonymous_8)
FN:166,(anonymous_9)
FN:198,(anonymous_10)
FN:199,(anonymous_11)
FN:208,(anonymous_12)
FN:259,(anonymous_13)
FNF:14
FNH:0
FNDA:0,NotificationDemo
FNDA:0,(anonymous_1)
FNDA:0,(anonymous_2)
FNDA:0,(anonymous_3)
FNDA:0,(anonymous_4)
FNDA:0,(anonymous_5)
FNDA:0,(anonymous_6)
FNDA:0,(anonymous_7)
FNDA:0,(anonymous_8)
FNDA:0,(anonymous_9)
FNDA:0,(anonymous_10)
FNDA:0,(anonymous_11)
FNDA:0,(anonymous_12)
FNDA:0,(anonymous_13)
DA:19,0
DA:21,0
DA:27,0
DA:36,0
DA:37,0
DA:39,0
DA:122,0
DA:130,0
DA:143,0
DA:156,0
DA:168,0
DA:169,0
DA:199,0
DA:200,0
DA:202,0
DA:208,0
DA:260,0
DA:261,0
LF:18
LH:0
BRDA:75,0,0,0
BRDA:75,0,1,0
BRDA:102,1,0,0
BRDA:102,1,1,0
BRDA:171,2,0,0
BRDA:171,2,1,0
BRDA:190,3,0,0
BRDA:190,3,1,0
BRDA:200,4,0,0
BRDA:200,4,1,0
BRDA:200,5,0,0
BRDA:200,5,1,0
BRDA:200,6,0,0
BRDA:200,6,1,0
BRDA:206,7,0,0
BRDA:206,7,1,0
BRDA:212,8,0,0
BRDA:212,8,1,0
BRDA:212,9,0,0
BRDA:212,9,1,0
BRDA:220,10,0,0
BRDA:220,10,1,0
BRDA:236,11,0,0
BRDA:236,11,1,0
BRF:24
BRH:0
end_of_record
TN:
SF:client/src/components/notifications/notification-dropdown.tsx
FN:40,NotificationDropdown
FN:48,(anonymous_1)
FN:49,(anonymous_2)
FN:53,(anonymous_3)
FN:65,(anonymous_4)
FN:75,(anonymous_5)
FN:76,(anonymous_6)
FN:80,(anonymous_7)
FN:86,(anonymous_8)
FN:163,(anonymous_9)
FN:176,(anonymous_10)
FN:183,(anonymous_11)
FN:211,(anonymous_12)
FN:240,(anonymous_13)
FNF:14
FNH:0
FNDA:0,NotificationDropdown
FNDA:0,(anonymous_1)
FNDA:0,(anonymous_2)
FNDA:0,(anonymous_3)
FNDA:0,(anonymous_4)
FNDA:0,(anonymous_5)
FNDA:0,(anonymous_6)
FNDA:0,(anonymous_7)
FNDA:0,(anonymous_8)
FNDA:0,(anonymous_9)
FNDA:0,(anonymous_10)
FNDA:0,(anonymous_11)
FNDA:0,(anonymous_12)
FNDA:0,(anonymous_13)
DA:30,0
DA:46,0
DA:48,0
DA:49,0
DA:50,0
DA:53,0
DA:54,0
DA:57,0
DA:59,0
DA:60,0
DA:65,0
DA:66,0
DA:67,0
DA:68,0
DA:70,0
DA:72,0
DA:75,0
DA:76,0
DA:77,0
DA:80,0
DA:81,0
DA:82,0
DA:83,0
DA:86,0
DA:87,0
DA:88,0
DA:89,0
DA:91,0
DA:92,0
DA:94,0
DA:98,0
DA:164,0
DA:165,0
DA:166,0
DA:168,0
DA:176,0
DA:184,0
DA:185,0
DA:211,0
DA:241,0
DA:242,0
LF:41
LH:0
BRDA:57,0,0,0
BRDA:59,1,0,0
BRDA:67,2,0,0
BRDA:67,2,1,0
BRDA:82,3,0,0
BRDA:82,3,1,0
BRDA:91,4,0,0
BRDA:91,4,1,0
BRDA:105,5,0,0
BRDA:105,5,1,0
BRDA:121,6,0,0
BRDA:121,6,1,0
BRDA:123,7,0,0
BRDA:123,7,1,0
BRDA:135,8,0,0
BRDA:135,8,1,0
BRDA:152,9,0,0
BRDA:152,9,1,0
BRDA:172,10,0,0
BRDA:172,10,1,0
BRDA:175,11,0,0
BRDA:175,11,1,0
BRDA:190,12,0,0
BRDA:190,12,1,0
BRDA:192,13,0,0
BRDA:192,13,1,0
BRDA:205,14,0,0
BRDA:205,14,1,0
BRDA:207,15,0,0
BRDA:207,15,1,0
BRDA:220,16,0,0
BRDA:220,16,1,0
BRDA:225,17,0,0
BRDA:225,17,1,0
BRDA:235,18,0,0
BRDA:235,18,1,0
BRF:36
BRH:0
end_of_record
TN:
SF:client/src/components/notifications/notification-types.ts
FN:20,(anonymous_0)
FN:39,(anonymous_1)
FNF:2
FNH:0
FNDA:0,(anonymous_0)
FNDA:0,(anonymous_1)
DA:20,0
DA:21,0
DA:23,0
DA:25,0
DA:27,0
DA:29,0
DA:31,0
DA:33,0
DA:35,0
DA:39,0
DA:40,0
DA:42,0
DA:44,0
DA:46,0
DA:48,0
DA:50,0
DA:52,0
DA:54,0
LF:18
LH:0
BRDA:21,0,0,0
BRDA:21,0,1,0
BRDA:21,0,2,0
BRDA:21,0,3,0
BRDA:21,0,4,0
BRDA:21,0,5,0
BRDA:21,0,6,0
BRDA:40,1,0,0
BRDA:40,1,1,0
BRDA:40,1,2,0
BRDA:40,1,3,0
BRDA:40,1,4,0
BRDA:40,1,5,0
BRDA:40,1,6,0
BRF:14
BRH:0
end_of_record
TN:
SF:client/src/components/onboarding/multi-step-form.tsx
FN:25,MultiStepForm
FN:40,(anonymous_1)
FN:41,(anonymous_2)
FN:44,(anonymous_3)
FN:51,(anonymous_4)
FN:53,(anonymous_5)
FN:64,(anonymous_6)
FN:70,(anonymous_7)
FN:104,(anonymous_8)
FN:107,(anonymous_9)
FN:141,(anonymous_10)
FNF:11
FNH:0
FNDA:0,MultiStepForm
FNDA:0,(anonymous_1)
FNDA:0,(anonymous_2)
FNDA:0,(anonymous_3)
FNDA:0,(anonymous_4)
FNDA:0,(anonymous_5)
FNDA:0,(anonymous_6)
FNDA:0,(anonymous_7)
FNDA:0,(anonymous_8)
FNDA:0,(anonymous_9)
FNDA:0,(anonymous_10)
DA:33,0
DA:34,0
DA:35,0
DA:37,0
DA:38,0
DA:40,0
DA:41,0
DA:44,0
DA:45,0
DA:46,0
DA:48,0
DA:51,0
DA:52,0
DA:53,0
DA:55,0
DA:56,0
DA:59,0
DA:64,0
DA:65,0
DA:66,0
DA:70,0
DA:72,0
DA:73,0
DA:77,0
DA:105,0
DA:107,0
DA:141,0
LF:27
LH:0
BRDA:45,0,0,0
BRDA:52,1,0,0
BRDA:55,2,0,0
BRDA:55,2,1,0
BRDA:65,3,0,0
BRDA:72,4,0,0
BRDA:72,5,0,0
BRDA:72,5,1,0
BRDA:83,6,0,0
BRDA:83,6,1,0
BRDA:112,7,0,0
BRDA:112,7,1,0
BRDA:120,8,0,0
BRDA:120,8,1,0
BRDA:134,9,0,0
BRDA:134,9,1,0
BRDA:140,10,0,0
BRDA:140,10,1,0
BRDA:149,11,0,0
BRDA:149,11,1,0
BRDA:157,12,0,0
BRDA:157,12,1,0
BRDA:168,13,0,0
BRDA:168,13,1,0
BRF:24
BRH:0
end_of_record
TN:
SF:client/src/components/onboarding/tutorial-overlay.tsx
FN:99,TutorialOverlay
FN:105,(anonymous_1)
FN:115,(anonymous_2)
FN:123,(anonymous_3)
FN:131,(anonymous_4)
FN:137,(anonymous_5)
FN:142,(anonymous_6)
FN:221,TutorialTrigger
FN:225,(anonymous_8)
FNF:9
FNH:0
FNDA:0,TutorialOverlay
FNDA:0,(anonymous_1)
FNDA:0,(anonymous_2)
FNDA:0,(anonymous_3)
FNDA:0,(anonymous_4)
FNDA:0,(anonymous_5)
FNDA:0,(anonymous_6)
FNDA:0,TutorialTrigger
FNDA:0,(anonymous_8)
DA:15,0
DA:100,0
DA:101,0
DA:102,0
DA:103,0
DA:105,0
DA:106,0
DA:107,0
DA:110,0
DA:111,0
DA:113,0
DA:115,0
DA:120,0
DA:121,0
DA:123,0
DA:124,0
DA:125,0
DA:127,0
DA:131,0
DA:132,0
DA:133,0
DA:137,0
DA:138,0
DA:139,0
DA:142,0
DA:143,0
DA:147,0
DA:148,0
DA:150,0
DA:222,0
DA:223,0
DA:225,0
DA:226,0
DA:227,0
DA:228,0
DA:232,0
LF:36
LH:0
BRDA:106,0,0,0
BRDA:106,1,0,0
BRDA:106,1,1,0
BRDA:106,2,0,0
BRDA:106,2,1,0
BRDA:113,3,0,0
BRDA:113,4,0,0
BRDA:113,4,1,0
BRDA:113,4,2,0
BRDA:120,5,0,0
BRDA:120,5,1,0
BRDA:124,6,0,0
BRDA:124,6,1,0
BRDA:132,7,0,0
BRDA:147,8,0,0
BRDA:148,9,0,0
BRDA:148,10,0,0
BRDA:148,10,1,0
BRDA:187,11,0,0
BRDA:187,11,1,0
BRDA:202,12,0,0
BRDA:202,12,1,0
BRDA:226,13,0,0
BRDA:226,14,0,0
BRDA:226,14,1,0
BRDA:226,15,0,0
BRDA:226,15,1,0
BRF:27
BRH:0
end_of_record
TN:
SF:client/src/components/payments/off-platform-tracker.tsx
FN:75,OffPlatformTracker
FN:103,(anonymous_8)
FN:103,(anonymous_9)
FN:110,(anonymous_10)
FN:120,(anonymous_11)
FN:130,(anonymous_12)
FN:130,(anonymous_13)
FN:134,(anonymous_14)
FN:143,(anonymous_15)
FN:147,(anonymous_16)
FN:158,(anonymous_17)
FN:166,(anonymous_18)
FN:177,(anonymous_19)
FN:224,(anonymous_20)
FN:234,(anonymous_21)
FN:250,(anonymous_22)
FN:279,(anonymous_23)
FN:291,(anonymous_24)
FN:317,(anonymous_25)
FN:329,(anonymous_26)
FN:355,(anonymous_27)
FN:365,(anonymous_28)
FN:376,(anonymous_29)
FN:400,(anonymous_30)
FN:415,(anonymous_31)
FN:429,(anonymous_32)
FN:455,(anonymous_33)
FN:505,(anonymous_34)
FN:512,(anonymous_35)
FN:519,(anonymous_36)
FN:526,(anonymous_37)
FN:533,(anonymous_38)
FN:549,(anonymous_39)
FN:556,(anonymous_40)
FN:611,(anonymous_41)
FNF:35
FNH:0
FNDA:0,OffPlatformTracker
FNDA:0,(anonymous_8)
FNDA:0,(anonymous_9)
FNDA:0,(anonymous_10)
FNDA:0,(anonymous_11)
FNDA:0,(anonymous_12)
FNDA:0,(anonymous_13)
FNDA:0,(anonymous_14)
FNDA:0,(anonymous_15)
FNDA:0,(anonymous_16)
FNDA:0,(anonymous_17)
FNDA:0,(anonymous_18)
FNDA:0,(anonymous_19)
FNDA:0,(anonymous_20)
FNDA:0,(anonymous_21)
FNDA:0,(anonymous_22)
FNDA:0,(anonymous_23)
FNDA:0,(anonymous_24)
FNDA:0,(anonymous_25)
FNDA:0,(anonymous_26)
FNDA:0,(anonymous_27)
FNDA:0,(anonymous_28)
FNDA:0,(anonymous_29)
FNDA:0,(anonymous_30)
FNDA:0,(anonymous_31)
FNDA:0,(anonymous_32)
FNDA:0,(anonymous_33)
FNDA:0,(anonymous_34)
FNDA:0,(anonymous_35)
FNDA:0,(anonymous_36)
FNDA:0,(anonymous_37)
FNDA:0,(anonymous_38)
FNDA:0,(anonymous_39)
FNDA:0,(anonymous_40)
FNDA:0,(anonymous_41)
DA:34,0
DA:76,0
DA:77,0
DA:78,0
DA:79,0
DA:81,0
DA:90,0
DA:94,0
DA:98,0
DA:102,0
DA:103,0
DA:104,0
DA:108,0
DA:111,0
DA:115,0
DA:116,0
DA:117,0
DA:118,0
DA:121,0
DA:129,0
DA:130,0
DA:131,0
DA:132,0
DA:135,0
DA:139,0
DA:143,0
DA:144,0
DA:147,0
DA:148,0
DA:150,0
DA:152,0
DA:154,0
DA:158,0
DA:159,0
DA:160,0
DA:161,0
DA:162,0
DA:166,0
DA:167,0
DA:169,0
DA:171,0
DA:173,0
DA:177,0
DA:178,0
DA:179,0
DA:180,0
DA:181,0
DA:182,0
DA:185,0
DA:186,0
DA:194,0
DA:225,0
DA:235,0
DA:251,0
DA:280,0
DA:292,0
DA:318,0
DA:330,0
DA:356,0
DA:365,0
DA:377,0
DA:401,0
DA:416,0
DA:430,0
DA:455,0
DA:505,0
DA:512,0
DA:519,0
DA:526,0
DA:533,0
DA:549,0
DA:557,0
DA:611,0
LF:73
LH:0
BRDA:90,0,0,0
BRDA:94,1,0,0
BRDA:98,2,0,0
BRDA:123,3,0,0
BRDA:123,3,1,0
BRDA:148,4,0,0
BRDA:148,4,1,0
BRDA:148,4,2,0
BRDA:159,5,0,0
BRDA:159,5,1,0
BRDA:159,5,2,0
BRDA:167,6,0,0
BRDA:167,6,1,0
BRDA:167,6,2,0
BRDA:178,7,0,0
BRDA:179,8,0,0
BRDA:180,9,0,0
BRDA:181,10,0,0
BRDA:185,11,0,0
BRDA:365,12,0,0
BRDA:365,12,1,0
BRDA:450,13,0,0
BRDA:450,13,1,0
BRDA:467,14,0,0
BRDA:467,14,1,0
BRDA:472,15,0,0
BRDA:472,15,1,0
BRDA:472,16,0,0
BRDA:472,16,1,0
BRDA:472,17,0,0
BRDA:472,17,1,0
BRDA:479,18,0,0
BRDA:479,18,1,0
BRDA:486,19,0,0
BRDA:486,19,1,0
BRDA:493,20,0,0
BRDA:493,20,1,0
BRDA:503,21,0,0
BRDA:503,21,1,0
BRDA:510,22,0,0
BRDA:510,22,1,0
BRDA:517,23,0,0
BRDA:517,23,1,0
BRDA:524,24,0,0
BRDA:524,24,1,0
BRDA:531,25,0,0
BRDA:531,25,1,0
BRDA:541,26,0,0
BRDA:541,26,1,0
BRDA:585,27,0,0
BRDA:585,27,1,0
BRDA:606,28,0,0
BRDA:606,28,1,0
BRDA:606,28,2,0
BRF:54
BRH:0
end_of_record
TN:
SF:client/src/components/profile/integrated-profile-system.tsx
FN:52,IntegratedProfileSystem
FN:108,(anonymous_8)
FN:108,(anonymous_9)
FN:112,(anonymous_10)
FN:120,(anonymous_11)
FN:129,(anonymous_12)
FN:151,(anonymous_13)
FN:158,(anonymous_14)
FNF:8
FNH:0
FNDA:0,IntegratedProfileSystem
FNDA:0,(anonymous_8)
FNDA:0,(anonymous_9)
FNDA:0,(anonymous_10)
FNDA:0,(anonymous_11)
FNDA:0,(anonymous_12)
FNDA:0,(anonymous_13)
FNDA:0,(anonymous_14)
DA:53,0
DA:54,0
DA:55,0
DA:56,0
DA:58,0
DA:59,0
DA:62,0
DA:102,0
DA:107,0
DA:108,0
DA:109,0
DA:110,0
DA:113,0
DA:114,0
DA:118,0
DA:121,0
DA:129,0
DA:130,0
DA:133,0
DA:134,0
DA:144,0
DA:151,0
DA:158,0
LF:23
LH:0
BRDA:58,0,0,0
BRDA:58,0,1,0
BRDA:58,1,0,0
BRDA:58,1,1,0
BRDA:58,2,0,0
BRDA:58,2,1,0
BRDA:59,3,0,0
BRDA:59,3,1,0
BRDA:59,4,0,0
BRDA:59,4,1,0
BRDA:59,5,0,0
BRDA:59,5,1,0
BRDA:64,6,0,0
BRDA:64,6,1,0
BRDA:64,7,0,0
BRDA:64,7,1,0
BRDA:64,8,0,0
BRDA:64,8,1,0
BRDA:65,9,0,0
BRDA:65,9,1,0
BRDA:65,10,0,0
BRDA:65,10,1,0
BRDA:65,11,0,0
BRDA:65,11,1,0
BRDA:66,12,0,0
BRDA:66,12,1,0
BRDA:66,13,0,0
BRDA:66,13,1,0
BRDA:66,14,0,0
BRDA:66,14,1,0
BRDA:102,15,0,0
BRDA:133,16,0,0
BRDA:146,17,0,0
BRDA:146,17,1,0
BRDA:151,18,0,0
BRDA:151,18,1,0
BRF:36
BRH:0
end_of_record
TN:
SF:client/src/components/profile/profile-edit-form.tsx
FN:64,ProfileEditForm
FN:78,(anonymous_1)
FN:79,(anonymous_2)
FN:82,(anonymous_3)
FN:93,(anonymous_4)
FN:107,(anonymous_5)
FN:112,(anonymous_6)
FN:116,(anonymous_7)
FN:131,(anonymous_8)
FN:133,(anonymous_9)
FN:137,(anonymous_10)
FN:147,(anonymous_11)
FN:153,(anonymous_12)
FN:165,(anonymous_13)
FN:199,(anonymous_14)
FN:219,(anonymous_15)
FN:225,(anonymous_16)
FN:248,(anonymous_17)
FN:259,(anonymous_18)
FN:272,(anonymous_19)
FN:285,(anonymous_20)
FN:298,(anonymous_21)
FN:308,(anonymous_22)
FN:316,(anonymous_23)
FN:337,(anonymous_24)
FN:339,(anonymous_25)
FN:348,(anonymous_26)
FN:353,(anonymous_27)
FN:376,(anonymous_28)
FN:376,(anonymous_29)
FN:382,(anonymous_30)
FN:382,(anonymous_31)
FN:388,(anonymous_32)
FN:388,(anonymous_33)
FN:394,(anonymous_34)
FN:408,(anonymous_35)
FN:426,(anonymous_36)
FN:451,(anonymous_37)
FN:451,(anonymous_38)
FN:457,(anonymous_39)
FN:457,(anonymous_40)
FN:463,(anonymous_41)
FN:463,(anonymous_42)
FN:474,(anonymous_43)
FN:479,(anonymous_44)
FN:490,(anonymous_45)
FN:509,(anonymous_46)
FN:515,(anonymous_47)
FN:521,(anonymous_48)
FNF:49
FNH:0
FNDA:0,ProfileEditForm
FNDA:0,(anonymous_1)
FNDA:0,(anonymous_2)
FNDA:0,(anonymous_3)
FNDA:0,(anonymous_4)
FNDA:0,(anonymous_5)
FNDA:0,(anonymous_6)
FNDA:0,(anonymous_7)
FNDA:0,(anonymous_8)
FNDA:0,(anonymous_9)
FNDA:0,(anonymous_10)
FNDA:0,(anonymous_11)
FNDA:0,(anonymous_12)
FNDA:0,(anonymous_13)
FNDA:0,(anonymous_14)
FNDA:0,(anonymous_15)
FNDA:0,(anonymous_16)
FNDA:0,(anonymous_17)
FNDA:0,(anonymous_18)
FNDA:0,(anonymous_19)
FNDA:0,(anonymous_20)
FNDA:0,(anonymous_21)
FNDA:0,(anonymous_22)
FNDA:0,(anonymous_23)
FNDA:0,(anonymous_24)
FNDA:0,(anonymous_25)
FNDA:0,(anonymous_26)
FNDA:0,(anonymous_27)
FNDA:0,(anonymous_28)
FNDA:0,(anonymous_29)
FNDA:0,(anonymous_30)
FNDA:0,(anonymous_31)
FNDA:0,(anonymous_32)
FNDA:0,(anonymous_33)
FNDA:0,(anonymous_34)
FNDA:0,(anonymous_35)
FNDA:0,(anonymous_36)
FNDA:0,(anonymous_37)
FNDA:0,(anonymous_38)
FNDA:0,(anonymous_39)
FNDA:0,(anonymous_40)
FNDA:0,(anonymous_41)
FNDA:0,(anonymous_42)
FNDA:0,(anonymous_43)
FNDA:0,(anonymous_44)
FNDA:0,(anonymous_45)
FNDA:0,(anonymous_46)
FNDA:0,(anonymous_47)
FNDA:0,(anonymous_48)
DA:54,0
DA:55,0
DA:57,0
DA:65,0
DA:66,0
DA:67,0
DA:72,0
DA:78,0
DA:79,0
DA:82,0
DA:84,0
DA:86,0
DA:87,0
DA:89,0
DA:93,0
DA:94,0
DA:96,0
DA:97,0
DA:99,0
DA:100,0
DA:104,0
DA:107,0
DA:108,0
DA:109,0
DA:111,0
DA:112,0
DA:116,0
DA:117,0
DA:119,0
DA:124,0
DA:128,0
DA:131,0
DA:132,0
DA:133,0
DA:137,0
DA:138,0
DA:140,0
DA:144,0
DA:147,0
DA:148,0
DA:149,0
DA:150,0
DA:153,0
DA:154,0
DA:165,0
DA:166,0
DA:167,0
DA:170,0
DA:199,0
DA:219,0
DA:225,0
DA:248,0
DA:259,0
DA:272,0
DA:285,0
DA:298,0
DA:308,0
DA:317,0
DA:337,0
DA:339,0
DA:349,0
DA:353,0
DA:376,0
DA:382,0
DA:388,0
DA:395,0
DA:409,0
DA:426,0
DA:451,0
DA:457,0
DA:463,0
DA:475,0
DA:479,0
DA:490,0
DA:509,0
DA:515,0
DA:521,0
LF:77
LH:0
BRDA:64,0,0,0
BRDA:86,1,0,0
BRDA:86,1,1,0
BRDA:94,2,0,0
BRDA:96,3,0,0
BRDA:96,3,1,0
BRDA:97,4,0,0
BRDA:97,4,1,0
BRDA:99,5,0,0
BRDA:108,6,0,0
BRDA:108,6,1,0
BRDA:109,7,0,0
BRDA:109,7,1,0
BRDA:117,8,0,0
BRDA:117,9,0,0
BRDA:117,9,1,0
BRDA:125,10,0,0
BRDA:125,10,1,0
BRDA:133,11,0,0
BRDA:133,11,1,0
BRDA:133,12,0,0
BRDA:133,12,1,0
BRDA:133,13,0,0
BRDA:133,13,1,0
BRDA:138,14,0,0
BRDA:138,15,0,0
BRDA:138,15,1,0
BRDA:141,16,0,0
BRDA:141,16,1,0
BRDA:148,17,0,0
BRDA:148,17,1,0
BRDA:158,18,0,0
BRDA:158,18,1,0
BRDA:158,19,0,0
BRDA:158,19,1,0
BRDA:180,20,0,0
BRDA:180,20,1,0
BRDA:198,21,0,0
BRDA:198,21,1,0
BRDA:219,22,0,0
BRDA:219,22,1,0
BRDA:219,23,0,0
BRDA:219,23,1,0
BRDA:219,24,0,0
BRDA:219,24,1,0
BRDA:253,25,0,0
BRDA:253,25,1,0
BRDA:258,26,0,0
BRDA:258,26,1,0
BRDA:271,27,0,0
BRDA:271,27,1,0
BRDA:278,28,0,0
BRDA:278,28,1,0
BRDA:284,29,0,0
BRDA:284,29,1,0
BRDA:297,30,0,0
BRDA:297,30,1,0
BRDA:297,31,0,0
BRDA:297,31,1,0
BRDA:297,32,0,0
BRDA:297,32,1,0
BRDA:299,33,0,0
BRDA:299,33,1,0
BRDA:299,34,0,0
BRDA:299,34,1,0
BRDA:299,35,0,0
BRDA:299,35,1,0
BRDA:307,36,0,0
BRDA:307,36,1,0
BRDA:307,37,0,0
BRDA:307,37,1,0
BRDA:307,38,0,0
BRDA:307,38,1,0
BRDA:309,39,0,0
BRDA:309,39,1,0
BRDA:309,40,0,0
BRDA:309,40,1,0
BRDA:309,41,0,0
BRDA:309,41,1,0
BRDA:330,42,0,0
BRDA:330,42,1,0
BRDA:338,43,0,0
BRDA:338,43,1,0
BRDA:339,44,0,0
BRDA:339,44,1,0
BRDA:348,45,0,0
BRDA:348,45,1,0
BRDA:348,46,0,0
BRDA:348,46,1,0
BRDA:348,47,0,0
BRDA:348,47,1,0
BRDA:365,48,0,0
BRDA:365,48,1,0
BRDA:408,49,0,0
BRDA:408,49,1,0
BRDA:408,50,0,0
BRDA:408,50,1,0
BRDA:418,51,0,0
BRDA:418,51,1,0
BRDA:438,52,0,0
BRDA:438,52,1,0
BRDA:474,53,0,0
BRDA:474,53,1,0
BRDA:474,54,0,0
BRDA:474,54,1,0
BRDA:502,55,0,0
BRDA:502,55,1,0
BRDA:514,56,0,0
BRDA:514,56,1,0
BRDA:514,57,0,0
BRDA:514,57,1,0
BRDA:514,58,0,0
BRDA:514,58,1,0
BRDA:514,59,0,0
BRDA:514,59,1,0
BRDA:514,60,0,0
BRDA:514,60,1,0
BRDA:520,61,0,0
BRDA:520,61,1,0
BRDA:520,62,0,0
BRDA:520,62,1,0
BRDA:520,63,0,0
BRDA:520,63,1,0
BRDA:520,64,0,0
BRDA:520,64,1,0
BRDA:520,65,0,0
BRDA:520,65,1,0
BRF:127
BRH:0
end_of_record
TN:
SF:client/src/components/profile/public-profile.tsx
FN:56,PublicProfile
FN:59,(anonymous_1)
FN:74,(anonymous_2)
FN:90,(anonymous_3)
FN:90,(anonymous_4)
FN:94,(anonymous_5)
FN:114,(anonymous_6)
FN:144,(anonymous_7)
FN:216,(anonymous_8)
FN:237,(anonymous_9)
FN:242,(anonymous_10)
FN:264,(anonymous_11)
FN:305,(anonymous_12)
FN:309,(anonymous_13)
FN:314,(anonymous_14)
FN:325,(anonymous_15)
FNF:16
FNH:0
FNDA:0,PublicProfile
FNDA:0,(anonymous_1)
FNDA:0,(anonymous_2)
FNDA:0,(anonymous_3)
FNDA:0,(anonymous_4)
FNDA:0,(anonymous_5)
FNDA:0,(anonymous_6)
FNDA:0,(anonymous_7)
FNDA:0,(anonymous_8)
FNDA:0,(anonymous_9)
FNDA:0,(anonymous_10)
FNDA:0,(anonymous_11)
FNDA:0,(anonymous_12)
FNDA:0,(anonymous_13)
FNDA:0,(anonymous_14)
FNDA:0,(anonymous_15)
DA:57,0
DA:59,0
DA:60,0
DA:62,0
DA:64,0
DA:66,0
DA:68,0
DA:70,0
DA:74,0
DA:75,0
DA:77,0
DA:79,0
DA:81,0
DA:83,0
DA:85,0
DA:89,0
DA:90,0
DA:93,0
DA:94,0
DA:97,0
DA:114,0
DA:145,0
DA:217,0
DA:238,0
DA:242,0
DA:265,0
DA:305,0
DA:310,0
DA:314,0
DA:326,0
LF:30
LH:0
BRDA:56,0,0,0
BRDA:60,1,0,0
BRDA:60,1,1,0
BRDA:60,1,2,0
BRDA:60,1,3,0
BRDA:60,1,4,0
BRDA:75,2,0,0
BRDA:75,2,1,0
BRDA:75,2,2,0
BRDA:75,2,3,0
BRDA:75,2,4,0
BRDA:89,3,0,0
BRDA:89,3,1,0
BRDA:93,4,0,0
BRDA:93,4,1,0
BRDA:94,5,0,0
BRDA:94,5,1,0
BRDA:94,6,0,0
BRDA:94,6,1,0
BRDA:103,7,0,0
BRDA:103,7,1,0
BRDA:114,8,0,0
BRDA:114,8,1,0
BRDA:114,9,0,0
BRDA:114,9,1,0
BRDA:114,10,0,0
BRDA:114,10,1,0
BRDA:122,11,0,0
BRDA:122,11,1,0
BRDA:123,12,0,0
BRDA:123,12,1,0
BRDA:134,13,0,0
BRDA:134,13,1,0
BRDA:141,14,0,0
BRDA:141,14,1,0
BRDA:148,15,0,0
BRDA:148,15,1,0
BRDA:161,16,0,0
BRDA:161,16,1,0
BRDA:169,17,0,0
BRDA:169,17,1,0
BRDA:169,17,2,0
BRDA:194,18,0,0
BRDA:194,18,1,0
BRDA:194,19,0,0
BRDA:194,19,1,0
BRDA:197,20,0,0
BRDA:197,20,1,0
BRDA:207,21,0,0
BRDA:207,21,1,0
BRDA:207,21,2,0
BRDA:211,22,0,0
BRDA:211,22,1,0
BRDA:216,23,0,0
BRDA:216,23,1,0
BRDA:216,23,2,0
BRDA:227,24,0,0
BRDA:227,24,1,0
BRDA:227,24,2,0
BRDA:257,25,0,0
BRDA:257,25,1,0
BRDA:281,26,0,0
BRDA:281,26,1,0
BRDA:281,26,2,0
BRDA:284,27,0,0
BRDA:284,27,1,0
BRDA:293,28,0,0
BRDA:293,28,1,0
BRDA:293,28,2,0
BRDA:298,29,0,0
BRDA:298,29,1,0
BRDA:300,30,0,0
BRDA:300,30,1,0
BRDA:303,31,0,0
BRDA:303,31,1,0
BRDA:312,32,0,0
BRDA:312,32,1,0
BRDA:325,33,0,0
BRDA:325,33,1,0
BRDA:325,34,0,0
BRDA:325,34,1,0
BRDA:334,35,0,0
BRDA:334,35,1,0
BRDA:337,36,0,0
BRDA:337,36,1,0
BRDA:350,37,0,0
BRDA:350,37,1,0
BRDA:350,37,2,0
BRDA:354,38,0,0
BRDA:354,38,1,0
BRDA:361,39,0,0
BRDA:361,39,1,0
BRDA:364,40,0,0
BRDA:364,40,1,0
BRDA:365,41,0,0
BRDA:365,41,1,0
BRDA:366,42,0,0
BRDA:366,42,1,0
BRF:98
BRH:0
end_of_record
TN:
SF:client/src/components/security/security-dashboard.tsx
FN:6,SecurityDashboard
FN:49,(anonymous_1)
FNF:2
FNH:0
FNDA:0,SecurityDashboard
FNDA:0,(anonymous_1)
DA:7,0
DA:38,0
DA:50,0
DA:51,0
LF:4
LH:0
BRDA:59,0,0,0
BRDA:59,0,1,0
BRDA:60,1,0,0
BRDA:60,1,1,0
BRF:4
BRH:0
end_of_record
TN:
SF:client/src/components/social/community-feed.tsx
FN:18,CommunityFeed
FN:127,(anonymous_8)
FN:127,(anonymous_9)
FN:146,(anonymous_10)
FN:147,(anonymous_11)
FN:156,(anonymous_12)
FN:165,(anonymous_13)
FN:178,(anonymous_14)
FN:179,(anonymous_15)
FN:191,(anonymous_16)
FN:191,(anonymous_17)
FN:201,(anonymous_18)
FN:202,(anonymous_19)
FN:213,(anonymous_20)
FN:217,(anonymous_21)
FN:245,(anonymous_22)
FN:261,(anonymous_23)
FN:271,(anonymous_24)
FN:279,(anonymous_25)
FN:288,(anonymous_26)
FN:300,(anonymous_27)
FN:301,(anonymous_28)
FN:320,(anonymous_29)
FN:342,(anonymous_30)
FN:371,(anonymous_31)
FNF:25
FNH:0
FNDA:0,CommunityFeed
FNDA:0,(anonymous_8)
FNDA:0,(anonymous_9)
FNDA:0,(anonymous_10)
FNDA:0,(anonymous_11)
FNDA:0,(anonymous_12)
FNDA:0,(anonymous_13)
FNDA:0,(anonymous_14)
FNDA:0,(anonymous_15)
FNDA:0,(anonymous_16)
FNDA:0,(anonymous_17)
FNDA:0,(anonymous_18)
FNDA:0,(anonymous_19)
FNDA:0,(anonymous_20)
FNDA:0,(anonymous_21)
FNDA:0,(anonymous_22)
FNDA:0,(anonymous_23)
FNDA:0,(anonymous_24)
FNDA:0,(anonymous_25)
FNDA:0,(anonymous_26)
FNDA:0,(anonymous_27)
FNDA:0,(anonymous_28)
FNDA:0,(anonymous_29)
FNDA:0,(anonymous_30)
FNDA:0,(anonymous_31)
DA:19,0
DA:20,0
DA:21,0
DA:23,0
DA:24,0
DA:25,0
DA:28,0
DA:121,0
DA:126,0
DA:127,0
DA:128,0
DA:144,0
DA:147,0
DA:151,0
DA:157,0
DA:165,0
DA:166,0
DA:167,0
DA:169,0
DA:170,0
DA:172,0
DA:175,0
DA:178,0
DA:179,0
DA:180,0
DA:191,0
DA:192,0
DA:201,0
DA:202,0
DA:203,0
DA:213,0
DA:214,0
DA:217,0
DA:218,0
DA:222,0
DA:226,0
DA:229,0
DA:245,0
DA:261,0
DA:271,0
DA:279,0
DA:288,0
DA:300,0
DA:301,0
DA:321,0
DA:343,0
DA:371,0
LF:47
LH:0
BRDA:18,0,0,0
BRDA:121,1,0,0
BRDA:130,2,0,0
BRDA:130,2,1,0
BRDA:130,3,0,0
BRDA:130,3,1,0
BRDA:130,4,0,0
BRDA:130,4,1,0
BRDA:131,5,0,0
BRDA:131,5,1,0
BRDA:131,6,0,0
BRDA:131,6,1,0
BRDA:131,7,0,0
BRDA:131,7,1,0
BRDA:132,8,0,0
BRDA:132,8,1,0
BRDA:132,9,0,0
BRDA:132,9,1,0
BRDA:132,10,0,0
BRDA:132,10,1,0
BRDA:133,11,0,0
BRDA:133,11,1,0
BRDA:133,12,0,0
BRDA:133,12,1,0
BRDA:133,13,0,0
BRDA:133,13,1,0
BRDA:133,14,0,0
BRDA:133,14,1,0
BRDA:133,15,0,0
BRDA:133,15,1,0
BRDA:147,16,0,0
BRDA:169,17,0,0
BRDA:169,17,1,0
BRDA:178,18,0,0
BRDA:180,19,0,0
BRDA:180,19,1,0
BRDA:183,20,0,0
BRDA:183,20,1,0
BRDA:194,21,0,0
BRDA:194,21,1,0
BRDA:194,22,0,0
BRDA:194,22,1,0
BRDA:194,23,0,0
BRDA:194,23,1,0
BRDA:195,24,0,0
BRDA:195,24,1,0
BRDA:195,25,0,0
BRDA:195,25,1,0
BRDA:195,26,0,0
BRDA:195,26,1,0
BRDA:201,27,0,0
BRDA:203,28,0,0
BRDA:203,28,1,0
BRDA:218,29,0,0
BRDA:218,29,1,0
BRDA:218,29,2,0
BRDA:218,29,3,0
BRDA:218,29,4,0
BRDA:222,30,0,0
BRDA:222,30,1,0
BRDA:222,30,2,0
BRDA:226,31,0,0
BRDA:226,31,1,0
BRDA:249,32,0,0
BRDA:249,32,1,0
BRDA:269,33,0,0
BRDA:269,33,1,0
BRDA:277,34,0,0
BRDA:277,34,1,0
BRDA:286,35,0,0
BRDA:286,35,1,0
BRDA:306,36,0,0
BRDA:306,36,1,0
BRDA:306,36,2,0
BRDA:309,37,0,0
BRDA:309,37,1,0
BRDA:310,38,0,0
BRDA:310,38,1,0
BRDA:318,39,0,0
BRDA:318,39,1,0
BRDA:341,40,0,0
BRDA:341,40,1,0
BRDA:351,41,0,0
BRDA:351,41,1,0
BRDA:351,42,0,0
BRDA:351,42,1,0
BRDA:360,43,0,0
BRDA:360,43,1,0
BRDA:363,44,0,0
BRDA:363,44,1,0
BRDA:368,45,0,0
BRDA:368,45,1,0
BRF:92
BRH:0
end_of_record
TN:
SF:client/src/components/social/post-card.tsx
FN:48,PostCard
FN:53,(anonymous_8)
FN:68,(anonymous_9)
FN:75,(anonymous_10)
FN:79,(anonymous_11)
FN:79,(anonymous_12)
FN:97,(anonymous_13)
FN:163,(anonymous_14)
FN:182,(anonymous_15)
FN:215,(anonymous_16)
FN:254,(anonymous_17)
FN:271,(anonymous_18)
FN:275,(anonymous_19)
FNF:13
FNH:0
FNDA:0,PostCard
FNDA:0,(anonymous_8)
FNDA:0,(anonymous_9)
FNDA:0,(anonymous_10)
FNDA:0,(anonymous_11)
FNDA:0,(anonymous_12)
FNDA:0,(anonymous_13)
FNDA:0,(anonymous_14)
FNDA:0,(anonymous_15)
FNDA:0,(anonymous_16)
FNDA:0,(anonymous_17)
FNDA:0,(anonymous_18)
FNDA:0,(anonymous_19)
DA:49,0
DA:50,0
DA:51,0
DA:53,0
DA:54,0
DA:56,0
DA:58,0
DA:60,0
DA:62,0
DA:64,0
DA:68,0
DA:69,0
DA:70,0
DA:72,0
DA:75,0
DA:76,0
DA:79,0
DA:80,0
DA:81,0
DA:83,0
DA:84,0
DA:85,0
DA:86,0
DA:89,0
DA:97,0
DA:164,0
DA:183,0
DA:215,0
DA:254,0
DA:272,0
DA:275,0
LF:31
LH:0
BRDA:54,0,0,0
BRDA:54,0,1,0
BRDA:54,0,2,0
BRDA:54,0,3,0
BRDA:54,0,4,0
BRDA:69,1,0,0
BRDA:81,2,0,0
BRDA:108,3,0,0
BRDA:108,3,1,0
BRDA:110,4,0,0
BRDA:110,4,1,0
BRDA:110,4,2,0
BRDA:123,5,0,0
BRDA:123,5,1,0
BRDA:142,6,0,0
BRDA:142,6,1,0
BRDA:145,7,0,0
BRDA:145,7,1,0
BRDA:151,8,0,0
BRDA:151,8,1,0
BRDA:159,9,0,0
BRDA:159,9,1,0
BRDA:159,9,2,0
BRDA:168,10,0,0
BRDA:168,10,1,0
BRDA:180,11,0,0
BRDA:180,11,1,0
BRDA:180,11,2,0
BRDA:204,12,0,0
BRDA:204,12,1,0
BRDA:208,13,0,0
BRDA:208,13,1,0
BRDA:234,14,0,0
BRDA:234,14,1,0
BRDA:246,15,0,0
BRDA:246,15,1,0
BRDA:261,16,0,0
BRDA:261,16,1,0
BRDA:264,17,0,0
BRDA:264,17,1,0
BRDA:292,18,0,0
BRDA:292,18,1,0
BRF:42
BRH:0
end_of_record
TN:
SF:client/src/components/social/post-creation-form.tsx
FN:21,PostCreationForm
FN:35,(anonymous_1)
FN:46,(anonymous_2)
FN:62,(anonymous_3)
FN:70,(anonymous_4)
FN:71,(anonymous_5)
FN:74,(anonymous_6)
FN:107,(anonymous_7)
FN:123,(anonymous_8)
FN:131,(anonymous_9)
FN:145,(anonymous_10)
FN:160,(anonymous_11)
FN:161,(anonymous_12)
FN:176,(anonymous_13)
FN:194,(anonymous_14)
FNF:15
FNH:0
FNDA:0,PostCreationForm
FNDA:0,(anonymous_1)
FNDA:0,(anonymous_2)
FNDA:0,(anonymous_3)
FNDA:0,(anonymous_4)
FNDA:0,(anonymous_5)
FNDA:0,(anonymous_6)
FNDA:0,(anonymous_7)
FNDA:0,(anonymous_8)
FNDA:0,(anonymous_9)
FNDA:0,(anonymous_10)
FNDA:0,(anonymous_11)
FNDA:0,(anonymous_12)
FNDA:0,(anonymous_13)
FNDA:0,(anonymous_14)
DA:28,0
DA:29,0
DA:30,0
DA:31,0
DA:33,0
DA:35,0
DA:36,0
DA:38,0
DA:40,0
DA:42,0
DA:46,0
DA:47,0
DA:48,0
DA:50,0
DA:56,0
DA:57,0
DA:58,0
DA:59,0
DA:62,0
DA:63,0
DA:64,0
DA:65,0
DA:66,0
DA:70,0
DA:71,0
DA:74,0
DA:76,0
DA:77,0
DA:80,0
DA:81,0
DA:98,0
DA:107,0
DA:123,0
DA:132,0
DA:145,0
DA:160,0
DA:161,0
DA:177,0
DA:178,0
DA:194,0
LF:40
LH:0
BRDA:26,0,0,0
BRDA:33,1,0,0
BRDA:33,1,1,0
BRDA:36,2,0,0
BRDA:36,2,1,0
BRDA:36,2,2,0
BRDA:48,3,0,0
BRDA:63,4,0,0
BRDA:63,5,0,0
BRDA:63,5,1,0
BRDA:80,6,0,0
BRDA:89,7,0,0
BRDA:89,7,1,0
BRDA:90,8,0,0
BRDA:90,8,1,0
BRDA:121,9,0,0
BRDA:121,9,1,0
BRDA:129,10,0,0
BRDA:129,10,1,0
BRDA:155,11,0,0
BRDA:155,11,1,0
BRDA:161,12,0,0
BRDA:161,12,1,0
BRDA:221,13,0,0
BRDA:221,13,1,0
BRDA:221,13,2,0
BRDA:226,14,0,0
BRDA:226,14,1,0
[...]
FNDA:0,(anonymous_46)
FNDA:0,(anonymous_48)
FNDA:0,(anonymous_49)
FNDA:0,(anonymous_51)
FNDA:0,(anonymous_53)
FNDA:0,(anonymous_55)
FNDA:0,(anonymous_56)
FNDA:0,(anonymous_57)
FNDA:0,(anonymous_59)
FNDA:0,(anonymous_61)
DA:58,0
DA:59,0
DA:60,0
DA:61,0
DA:62,0
DA:63,0
DA:68,0
DA:72,0
DA:76,0
DA:77,0
DA:78,0
DA:79,0
DA:87,0
DA:88,0
DA:92,0
DA:93,0
DA:95,0
DA:96,0
DA:97,0
DA:102,0
DA:103,0
DA:111,0
DA:112,0
DA:116,0
DA:118,0
DA:119,0
DA:121,0
DA:122,0
DA:124,0
DA:125,0
DA:128,0
DA:132,0
DA:136,0
DA:140,0
DA:141,0
DA:143,0
DA:144,0
DA:145,0
DA:149,0
DA:150,0
DA:153,0
DA:154,0
DA:155,0
DA:159,0
DA:160,0
DA:169,0
DA:170,0
DA:175,0
DA:176,0
DA:183,0
DA:184,0
DA:188,0
DA:190,0
DA:191,0
DA:193,0
DA:194,0
DA:196,0
DA:197,0
DA:200,0
DA:204,0
DA:205,0
DA:207,0
DA:208,0
DA:209,0
DA:214,0
DA:218,0
DA:223,0
DA:228,0
DA:229,0
DA:233,0
DA:237,0
DA:238,0
DA:239,0
DA:243,0
DA:244,0
DA:251,0
DA:252,0
DA:255,0
DA:256,0
DA:257,0
DA:258,0
DA:260,0
DA:269,0
DA:274,0
DA:278,0
DA:279,0
DA:280,0
DA:281,0
DA:283,0
DA:289,0
DA:294,0
LF:91
LH:0
BRDA:77,0,0,0
BRDA:77,0,1,0
BRDA:78,1,0,0
BRDA:78,1,1,0
BRDA:78,2,0,0
BRDA:78,2,1,0
BRDA:78,3,0,0
BRDA:78,3,1,0
BRDA:93,4,0,0
BRDA:118,5,0,0
BRDA:118,6,0,0
BRDA:118,6,1,0
BRDA:118,7,0,0
BRDA:118,7,1,0
BRDA:121,8,0,0
BRDA:121,9,0,0
BRDA:121,9,1,0
BRDA:121,10,0,0
BRDA:121,10,1,0
BRDA:124,11,0,0
BRDA:124,12,0,0
BRDA:124,12,1,0
BRDA:124,13,0,0
BRDA:124,13,1,0
BRDA:141,14,0,0
BRDA:150,15,0,0
BRDA:153,16,0,0
BRDA:190,17,0,0
BRDA:190,18,0,0
BRDA:190,18,1,0
BRDA:190,19,0,0
BRDA:190,19,1,0
BRDA:193,20,0,0
BRDA:193,21,0,0
BRDA:193,21,1,0
BRDA:193,22,0,0
BRDA:193,22,1,0
BRDA:196,23,0,0
BRDA:196,24,0,0
BRDA:196,24,1,0
BRDA:196,25,0,0
BRDA:196,25,1,0
BRDA:205,26,0,0
BRDA:243,27,0,0
BRDA:243,27,1,0
BRDA:256,28,0,0
BRDA:258,29,0,0
BRDA:258,29,1,0
BRDA:274,30,0,0
BRDA:274,30,1,0
BRDA:279,31,0,0
BRF:51
BRH:0
end_of_record
TN:
SF:server/index.ts
FN:25,(anonymous_7)
FN:67,(anonymous_8)
FN:73,(anonymous_9)
FN:78,(anonymous_10)
FN:97,(anonymous_11)
FN:97,(anonymous_12)
FN:110,(anonymous_13)
FN:145,(anonymous_14)
FNF:8
FNH:0
FNDA:0,(anonymous_7)
FNDA:0,(anonymous_8)
FNDA:0,(anonymous_9)
FNDA:0,(anonymous_10)
FNDA:0,(anonymous_11)
FNDA:0,(anonymous_12)
FNDA:0,(anonymous_13)
FNDA:0,(anonymous_14)
DA:13,0
DA:16,0
DA:19,0
DA:20,0
DA:21,0
DA:22,0
DA:25,0
DA:26,0
DA:27,0
DA:29,0
DA:32,0
DA:35,0
DA:36,0
DA:37,0
DA:39,0
DA:60,0
DA:61,0
DA:65,0
DA:67,0
DA:68,0
DA:69,0
DA:70,0
DA:72,0
DA:73,0
DA:74,0
DA:75,0
DA:78,0
DA:79,0
DA:80,0
DA:81,0
DA:82,0
DA:83,0
DA:86,0
DA:87,0
DA:90,0
DA:94,0
DA:97,0
DA:99,0
DA:101,0
DA:102,0
DA:105,0
DA:108,0
DA:110,0
DA:111,0
DA:112,0
DA:114,0
DA:115,0
DA:123,0
DA:124,0
DA:126,0
DA:127,0
DA:129,0
DA:130,0
DA:131,0
DA:133,0
DA:134,0
DA:141,0
DA:142,0
DA:146,0
LF:59
LH:0
BRDA:26,0,0,0
BRDA:26,0,1,0
BRDA:35,1,0,0
BRDA:35,1,1,0
BRDA:35,1,2,0
BRDA:41,2,0,0
BRDA:41,2,1,0
BRDA:47,3,0,0
BRDA:47,3,1,0
BRDA:54,4,0,0
BRDA:54,4,1,0
BRDA:54,4,2,0
BRDA:54,4,3,0
BRDA:60,5,0,0
BRDA:80,6,0,0
BRDA:82,7,0,0
BRDA:86,8,0,0
BRDA:101,9,0,0
BRDA:101,10,0,0
BRDA:101,10,1,0
BRDA:111,11,0,0
BRDA:111,11,1,0
BRDA:111,11,2,0
BRDA:112,12,0,0
BRDA:112,12,1,0
BRDA:114,13,0,0
BRDA:123,14,0,0
BRDA:126,15,0,0
BRDA:126,15,1,0
BRDA:129,16,0,0
BRDA:129,16,1,0
BRDA:141,17,0,0
BRDA:141,17,1,0
BRF:33
BRH:0
end_of_record
TN:
SF:server/off-platform-payments.ts
FN:39,(anonymous_7)
FN:57,(anonymous_8)
FN:60,(anonymous_9)
FN:65,(anonymous_10)
FN:73,(anonymous_11)
FN:76,(anonymous_12)
FN:81,(anonymous_13)
FN:95,(anonymous_14)
FN:108,(anonymous_15)
FN:117,(anonymous_16)
FN:119,(anonymous_17)
FN:120,(anonymous_18)
FN:121,(anonymous_19)
FN:125,(anonymous_20)
FN:138,(anonymous_21)
FN:144,(anonymous_22)
FN:161,(anonymous_23)
FN:234,(anonymous_24)
FN:240,(anonymous_25)
FN:251,(anonymous_26)
FN:268,(anonymous_28)
FN:321,(anonymous_30)
FN:340,(anonymous_32)
FN:363,(anonymous_34)
FN:375,(anonymous_36)
FN:409,(anonymous_38)
FNF:26
FNH:0
FNDA:0,(anonymous_7)
FNDA:0,(anonymous_8)
FNDA:0,(anonymous_9)
FNDA:0,(anonymous_10)
FNDA:0,(anonymous_11)
FNDA:0,(anonymous_12)
FNDA:0,(anonymous_13)
FNDA:0,(anonymous_14)
FNDA:0,(anonymous_15)
FNDA:0,(anonymous_16)
FNDA:0,(anonymous_17)
FNDA:0,(anonymous_18)
FNDA:0,(anonymous_19)
FNDA:0,(anonymous_20)
FNDA:0,(anonymous_21)
FNDA:0,(anonymous_22)
FNDA:0,(anonymous_23)
FNDA:0,(anonymous_24)
FNDA:0,(anonymous_25)
FNDA:0,(anonymous_26)
FNDA:0,(anonymous_28)
FNDA:0,(anonymous_30)
FNDA:0,(anonymous_32)
FNDA:0,(anonymous_34)
FNDA:0,(anonymous_36)
FNDA:0,(anonymous_38)
DA:34,0
DA:35,0
DA:40,0
DA:47,0
DA:50,0
DA:51,0
DA:52,0
DA:54,0
DA:58,0
DA:59,0
DA:60,0
DA:64,0
DA:65,0
DA:66,0
DA:71,0
DA:72,0
DA:73,0
DA:76,0
DA:77,0
DA:82,0
DA:83,0
DA:84,0
DA:87,0
DA:88,0
DA:89,0
DA:91,0
DA:92,0
DA:96,0
DA:97,0
DA:98,0
DA:101,0
DA:104,0
DA:105,0
DA:111,0
DA:112,0
DA:114,0
DA:117,0
DA:118,0
DA:119,0
DA:120,0
DA:121,0
DA:124,0
DA:125,0
DA:126,0
DA:130,0
DA:131,0
DA:133,0
DA:134,0
DA:135,0
DA:136,0
DA:138,0
DA:139,0
DA:142,0
DA:144,0
DA:149,0
DA:162,0
DA:234,0
DA:235,0
DA:239,0
DA:240,0
DA:241,0
DA:246,0
DA:249,0
DA:252,0
DA:253,0
DA:255,0
DA:256,0
DA:259,0
DA:260,0
DA:262,0
DA:263,0
DA:269,0
DA:283,0
DA:286,0
DA:287,0
DA:290,0
DA:291,0
DA:294,0
DA:309,0
DA:315,0
DA:316,0
DA:322,0
DA:323,0
DA:324,0
DA:326,0
DA:328,0
DA:329,0
DA:332,0
DA:334,0
DA:335,0
DA:341,0
DA:342,0
DA:343,0
DA:345,0
DA:346,0
DA:349,0
DA:351,0
DA:352,0
DA:355,0
DA:357,0
DA:358,0
DA:364,0
DA:365,0
DA:366,0
DA:367,0
DA:369,0
DA:370,0
DA:376,0
DA:377,0
DA:380,0
DA:401,0
DA:403,0
DA:404,0
DA:410,0
DA:411,0
DA:412,0
DA:414,0
DA:415,0
LF:118
LH:0
BRDA:50,0,0,0
BRDA:50,0,1,0
BRDA:58,1,0,0
BRDA:58,1,1,0
BRDA:66,2,0,0
BRDA:66,2,1,0
BRDA:83,3,0,0
BRDA:83,4,0,0
BRDA:83,4,1,0
BRDA:97,5,0,0
BRDA:111,6,0,0
BRDA:111,6,1,0
BRDA:126,7,0,0
BRDA:126,7,1,0
BRDA:255,8,0,0
BRDA:286,9,0,0
BRDA:286,10,0,0
BRDA:286,10,1,0
BRDA:286,10,2,0
BRDA:286,10,3,0
BRDA:286,10,4,0
BRDA:286,10,5,0
BRDA:290,11,0,0
BRDA:328,12,0,0
BRDA:345,13,0,0
BRDA:351,14,0,0
BRF:26
BRH:0
end_of_record
TN:
SF:server/purchase-tracking.ts
FN:35,(anonymous_7)
FN:60,(anonymous_8)
FN:71,(anonymous_9)
FN:79,(anonymous_10)
FN:95,(anonymous_11)
FN:101,(anonymous_12)
FN:113,(anonymous_13)
FN:114,(anonymous_14)
FN:117,(anonymous_15)
FN:118,(anonymous_16)
FN:121,(anonymous_17)
FN:122,(anonymous_18)
FN:126,(anonymous_19)
FN:146,(anonymous_20)
FN:158,(anonymous_21)
FN:199,(anonymous_23)
FN:221,(anonymous_25)
FN:239,(anonymous_27)
FN:248,(anonymous_29)
FN:251,(anonymous_30)
FN:252,(anonymous_31)
FN:267,(anonymous_32)
FNF:22
FNH:0
FNDA:0,(anonymous_7)
FNDA:0,(anonymous_8)
FNDA:0,(anonymous_9)
FNDA:0,(anonymous_10)
FNDA:0,(anonymous_11)
FNDA:0,(anonymous_12)
FNDA:0,(anonymous_13)
FNDA:0,(anonymous_14)
FNDA:0,(anonymous_15)
FNDA:0,(anonymous_16)
FNDA:0,(anonymous_17)
FNDA:0,(anonymous_18)
FNDA:0,(anonymous_19)
FNDA:0,(anonymous_20)
FNDA:0,(anonymous_21)
FNDA:0,(anonymous_23)
FNDA:0,(anonymous_25)
FNDA:0,(anonymous_27)
FNDA:0,(anonymous_29)
FNDA:0,(anonymous_30)
FNDA:0,(anonymous_31)
FNDA:0,(anonymous_32)
DA:31,0
DA:32,0
DA:43,0
DA:44,0
DA:46,0
DA:56,0
DA:57,0
DA:61,0
DA:62,0
DA:64,0
DA:65,0
DA:68,0
DA:71,0
DA:72,0
DA:75,0
DA:76,0
DA:80,0
DA:81,0
DA:91,0
DA:92,0
DA:96,0
DA:97,0
DA:98,0
DA:102,0
DA:103,0
DA:105,0
DA:106,0
DA:107,0
DA:109,0
DA:110,0
DA:114,0
DA:118,0
DA:122,0
DA:127,0
DA:146,0
DA:147,0
DA:148,0
DA:153,0
DA:156,0
DA:159,0
DA:160,0
DA:162,0
DA:163,0
DA:167,0
DA:170,0
DA:172,0
DA:182,0
DA:183,0
DA:184,0
DA:187,0
DA:193,0
DA:194,0
DA:200,0
DA:201,0
DA:203,0
DA:204,0
DA:207,0
DA:209,0
DA:215,0
DA:216,0
DA:222,0
DA:223,0
DA:225,0
DA:226,0
DA:229,0
DA:231,0
DA:233,0
DA:234,0
DA:240,0
DA:241,0
DA:243,0
DA:244,0
DA:247,0
DA:248,0
DA:249,0
DA:250,0
DA:251,0
DA:252,0
DA:254,0
DA:261,0
DA:262,0
DA:268,0
DA:269,0
DA:271,0
DA:272,0
DA:275,0
DA:277,0
DA:279,0
DA:280,0
LF:89
LH:0
BRDA:62,0,0,0
BRDA:98,1,0,0
BRDA:98,1,1,0
BRDA:98,2,0,0
BRDA:98,2,1,0
BRDA:98,3,0,0
BRDA:98,3,1,0
BRDA:103,4,0,0
BRDA:122,5,0,0
BRDA:122,5,1,0
BRDA:162,6,0,0
BRDA:162,7,0,0
BRDA:162,7,1,0
BRDA:162,7,2,0
BRDA:170,8,0,0
BRDA:183,9,0,0
BRDA:203,10,0,0
BRDA:203,11,0,0
BRDA:203,11,1,0
BRDA:225,12,0,0
BRDA:243,13,0,0
BRDA:271,14,0,0
BRDA:271,15,0,0
BRDA:271,15,1,0
BRF:24
BRH:0
end_of_record
TN:
SF:server/routes.ts
FN:11,registerRoutes
FN:35,(anonymous_9)
FN:35,(anonymous_10)
FN:38,(anonymous_11)
FN:39,(anonymous_12)
FN:47,(anonymous_13)
FN:47,(anonymous_14)
FN:80,(anonymous_15)
FN:80,(anonymous_16)
FN:125,(anonymous_17)
FN:125,(anonymous_18)
FN:144,(anonymous_19)
FN:144,(anonymous_20)
FN:277,(anonymous_21)
FN:277,(anonymous_22)
FN:307,(anonymous_23)
FN:307,(anonymous_24)
FN:324,(anonymous_25)
FN:324,(anonymous_26)
FN:382,(anonymous_27)
FN:382,(anonymous_28)
FN:394,(anonymous_29)
FN:394,(anonymous_30)
FN:435,(anonymous_31)
FN:435,(anonymous_32)
FN:462,(anonymous_33)
FN:483,(anonymous_34)
FN:483,(anonymous_35)
FN:545,(anonymous_36)
FN:545,(anonymous_37)
FN:560,(anonymous_38)
FN:560,(anonymous_39)
FN:618,(anonymous_40)
FN:618,(anonymous_41)
FN:629,(anonymous_42)
FN:629,(anonymous_43)
FN:647,(anonymous_44)
FN:647,(anonymous_45)
FN:674,(anonymous_46)
FN:674,(anonymous_47)
FN:701,(anonymous_48)
FN:701,(anonymous_49)
FN:721,(anonymous_50)
FN:721,(anonymous_51)
FN:742,(anonymous_52)
FN:742,(anonymous_53)
FN:753,(anonymous_54)
FN:753,(anonymous_55)
FN:763,(anonymous_56)
FN:763,(anonymous_57)
FN:774,(anonymous_58)
FN:774,(anonymous_59)
FNF:52
FNH:0
FNDA:0,registerRoutes
FNDA:0,(anonymous_9)
FNDA:0,(anonymous_10)
FNDA:0,(anonymous_11)
FNDA:0,(anonymous_12)
FNDA:0,(anonymous_13)
FNDA:0,(anonymous_14)
FNDA:0,(anonymous_15)
FNDA:0,(anonymous_16)
FNDA:0,(anonymous_17)
FNDA:0,(anonymous_18)
FNDA:0,(anonymous_19)
FNDA:0,(anonymous_20)
FNDA:0,(anonymous_21)
FNDA:0,(anonymous_22)
FNDA:0,(anonymous_23)
FNDA:0,(anonymous_24)
FNDA:0,(anonymous_25)
FNDA:0,(anonymous_26)
FNDA:0,(anonymous_27)
FNDA:0,(anonymous_28)
FNDA:0,(anonymous_29)
FNDA:0,(anonymous_30)
FNDA:0,(anonymous_31)
FNDA:0,(anonymous_32)
FNDA:0,(anonymous_33)
FNDA:0,(anonymous_34)
FNDA:0,(anonymous_35)
FNDA:0,(anonymous_36)
FNDA:0,(anonymous_37)
FNDA:0,(anonymous_38)
FNDA:0,(anonymous_39)
FNDA:0,(anonymous_40)
FNDA:0,(anonymous_41)
FNDA:0,(anonymous_42)
FNDA:0,(anonymous_43)
FNDA:0,(anonymous_44)
FNDA:0,(anonymous_45)
FNDA:0,(anonymous_46)
FNDA:0,(anonymous_47)
FNDA:0,(anonymous_48)
FNDA:0,(anonymous_49)
FNDA:0,(anonymous_50)
FNDA:0,(anonymous_51)
FNDA:0,(anonymous_52)
FNDA:0,(anonymous_53)
FNDA:0,(anonymous_54)
FNDA:0,(anonymous_55)
FNDA:0,(anonymous_56)
FNDA:0,(anonymous_57)
FNDA:0,(anonymous_58)
FNDA:0,(anonymous_59)
DA:14,0
DA:16,0
DA:17,0
DA:18,0
DA:20,0
DA:28,0
DA:31,0
DA:35,0
DA:36,0
DA:37,0
DA:38,0
DA:39,0
DA:41,0
DA:42,0
DA:47,0
DA:48,0
DA:50,0
DA:56,0
DA:57,0
DA:58,0
DA:61,0
DA:62,0
DA:63,0
DA:65,0
DA:74,0
DA:75,0
DA:80,0
DA:81,0
DA:82,0
DA:83,0
DA:85,0
DA:86,0
DA:87,0
DA:88,0
DA:91,0
DA:94,0
DA:95,0
DA:96,0
DA:100,0
DA:101,0
DA:102,0
DA:103,0
DA:105,0
DA:109,0
DA:111,0
DA:120,0
DA:125,0
DA:126,0
DA:127,0
DA:137,0
DA:139,0
DA:144,0
DA:145,0
DA:147,0
DA:270,0
DA:272,0
DA:277,0
DA:278,0
DA:279,0
DA:281,0
DA:300,0
DA:302,0
DA:307,0
DA:308,0
DA:309,0
DA:318,0
DA:320,0
DA:324,0
DA:325,0
DA:326,0
DA:376,0
DA:378,0
DA:382,0
DA:383,0
DA:384,0
DA:385,0
DA:387,0
DA:389,0
DA:394,0
DA:395,0
DA:396,0
DA:397,0
DA:398,0
DA:399,0
DA:400,0
DA:402,0
DA:403,0
DA:406,0
DA:407,0
DA:410,0
DA:411,0
DA:412,0
DA:416,0
DA:417,0
DA:418,0
DA:420,0
DA:421,0
DA:430,0
DA:435,0
DA:436,0
DA:437,0
DA:438,0
DA:439,0
DA:440,0
DA:441,0
DA:443,0
DA:444,0
DA:446,0
DA:447,0
DA:450,0
DA:451,0
DA:452,0
DA:455,0
DA:456,0
DA:458,0
DA:459,0
DA:460,0
DA:461,0
DA:462,0
DA:463,0
DA:465,0
DA:468,0
DA:469,0
DA:478,0
DA:483,0
DA:484,0
DA:485,0
DA:486,0
DA:487,0
DA:489,0
DA:490,0
DA:492,0
DA:493,0
DA:495,0
DA:496,0
DA:499,0
DA:500,0
DA:501,0
DA:506,0
DA:507,0
DA:509,0
DA:513,0
DA:514,0
DA:515,0
DA:519,0
DA:522,0
DA:529,0
DA:539,0
DA:540,0
DA:545,0
DA:546,0
DA:547,0
DA:554,0
DA:556,0
DA:560,0
DA:561,0
DA:562,0
DA:612,0
DA:614,0
DA:618,0
DA:619,0
DA:620,0
DA:622,0
DA:623,0
DA:625,0
DA:629,0
DA:630,0
DA:631,0
DA:633,0
DA:640,0
DA:642,0
DA:647,0
DA:648,0
DA:650,0
DA:668,0
DA:670,0
DA:674,0
DA:675,0
DA:677,0
DA:695,0
DA:697,0
DA:701,0
DA:702,0
DA:703,0
DA:704,0
DA:707,0
DA:715,0
DA:717,0
DA:721,0
DA:722,0
DA:723,0
DA:724,0
DA:727,0
DA:735,0
DA:737,0
DA:742,0
DA:743,0
DA:744,0
DA:745,0
DA:746,0
DA:748,0
DA:753,0
DA:754,0
DA:755,0
DA:756,0
DA:758,0
DA:763,0
DA:764,0
DA:765,0
DA:766,0
DA:767,0
DA:769,0
DA:774,0
DA:775,0
DA:776,0
DA:777,0
DA:779,0
DA:780,0
DA:783,0
DA:786,0
DA:792,0
DA:800,0
DA:801,0
DA:802,0
DA:803,0
DA:805,0
DA:807,0
DA:812,0
DA:813,0
DA:814,0
DA:816,0
DA:819,0
DA:820,0
DA:821,0
DA:822,0
DA:823,0
DA:826,0
DA:827,0
DA:828,0
DA:829,0
DA:830,0
DA:831,0
DA:834,0
DA:835,0
DA:836,0
DA:837,0
DA:838,0
DA:839,0
DA:840,0
DA:842,0
DA:843,0
LF:251
LH:0
BRDA:17,0,0,0
BRDA:17,0,1,0
BRDA:52,1,0,0
BRDA:52,1,1,0
BRDA:57,2,0,0
BRDA:62,3,0,0
BRDA:68,4,0,0
BRDA:68,4,1,0
BRDA:69,5,0,0
BRDA:69,5,1,0
BRDA:86,6,0,0
BRDA:94,7,0,0
BRDA:94,7,1,0
BRDA:95,8,0,0
BRDA:95,9,0,0
BRDA:95,9,1,0
BRDA:101,10,0,0
BRDA:101,11,0,0
BRDA:101,11,1,0
BRDA:114,12,0,0
BRDA:114,12,1,0
BRDA:115,13,0,0
BRDA:115,13,1,0
BRDA:398,14,0,0
BRDA:398,14,1,0
BRDA:398,15,0,0
BRDA:398,15,1,0
BRDA:399,16,0,0
BRDA:402,17,0,0
BRDA:406,18,0,0
BRDA:406,19,0,0
BRDA:406,19,1,0
BRDA:411,20,0,0
BRDA:416,21,0,0
BRDA:416,21,1,0
BRDA:417,22,0,0
BRDA:439,23,0,0
BRDA:439,23,1,0
BRDA:439,24,0,0
BRDA:439,24,1,0
BRDA:440,25,0,0
BRDA:443,26,0,0
BRDA:446,27,0,0
BRDA:446,28,0,0
BRDA:446,28,1,0
BRDA:451,29,0,0
BRDA:455,30,0,0
BRDA:455,30,1,0
BRDA:456,31,0,0
BRDA:456,31,1,0
BRDA:456,32,0,0
BRDA:456,32,1,0
BRDA:458,33,0,0
BRDA:458,33,1,0
BRDA:459,34,0,0
BRDA:460,35,0,0
BRDA:461,36,0,0
BRDA:461,36,1,0
BRDA:463,37,0,0
BRDA:463,38,0,0
BRDA:463,38,1,0
BRDA:463,39,0,0
BRDA:463,39,1,0
BRDA:487,40,0,0
BRDA:487,40,1,0
BRDA:487,41,0,0
BRDA:487,41,1,0
BRDA:489,42,0,0
BRDA:492,43,0,0
BRDA:495,44,0,0
BRDA:495,45,0,0
BRDA:495,45,1,0
BRDA:500,46,0,0
BRDA:507,47,0,0
BRDA:507,47,1,0
BRDA:513,48,0,0
BRDA:513,48,1,0
BRDA:514,49,0,0
BRDA:526,50,0,0
BRDA:526,50,1,0
BRDA:526,50,2,0
BRDA:526,50,3,0
BRDA:779,51,0,0
BRDA:794,52,0,0
BRDA:794,52,1,0
BRDA:794,53,0,0
BRDA:794,53,1,0
BRDA:794,54,0,0
BRDA:794,54,1,0
BRF:89
BRH:0
end_of_record
TN:
SF:server/storage.ts
FN:21,(anonymous_7)
FN:26,(anonymous_8)
FN:30,(anonymous_10)
FN:32,(anonymous_12)
FN:36,(anonymous_13)
FN:40,(anonymous_15)
FN:44,(anonymous_17)
FN:62,(anonymous_19)
FN:77,(anonymous_21)
FN:84,(anonymous_23)
FN:88,(anonymous_25)
FN:90,(anonymous_27)
FN:94,(anonymous_28)
FNF:13
FNH:0
FNDA:0,(anonymous_7)
FNDA:0,(anonymous_8)
FNDA:0,(anonymous_10)
FNDA:0,(anonymous_12)
FNDA:0,(anonymous_13)
FNDA:0,(anonymous_15)
FNDA:0,(anonymous_17)
FNDA:0,(anonymous_19)
FNDA:0,(anonymous_21)
FNDA:0,(anonymous_23)
FNDA:0,(anonymous_25)
FNDA:0,(anonymous_27)
FNDA:0,(anonymous_28)
DA:22,0
DA:23,0
DA:27,0
DA:31,0
DA:32,0
DA:37,0
DA:41,0
DA:45,0
DA:46,0
DA:47,0
DA:48,0
DA:49,0
DA:58,0
DA:59,0
DA:63,0
DA:64,0
DA:65,0
DA:67,0
DA:73,0
DA:74,0
DA:78,0
DA:79,0
DA:80,0
DA:81,0
DA:85,0
DA:89,0
DA:90,0
DA:95,0
DA:99,0
LF:29
LH:0
BRDA:47,0,0,0
BRDA:47,0,1,0
BRDA:48,1,0,0
BRDA:48,1,1,0
BRDA:48,2,0,0
BRDA:48,2,1,0
BRDA:48,3,0,0
BRDA:48,3,1,0
BRDA:52,4,0,0
BRDA:52,4,1,0
BRDA:64,5,0,0
BRF:11
BRH:0
end_of_record
TN:
SF:server/stripe-connect.ts
FN:31,(anonymous_7)
FN:77,(anonymous_9)
FN:97,(anonymous_11)
FN:120,(anonymous_13)
FN:152,(anonymous_15)
FN:156,(anonymous_16)
FN:165,(anonymous_17)
FN:187,(anonymous_19)
FN:230,(anonymous_21)
FN:259,(anonymous_23)
FN:296,(anonymous_25)
FNF:11
FNH:0
FNDA:0,(anonymous_7)
FNDA:0,(anonymous_9)
FNDA:0,(anonymous_11)
FNDA:0,(anonymous_13)
FNDA:0,(anonymous_15)
FNDA:0,(anonymous_16)
FNDA:0,(anonymous_17)
FNDA:0,(anonymous_19)
FNDA:0,(anonymous_21)
FNDA:0,(anonymous_23)
FNDA:0,(anonymous_25)
DA:5,0
DA:6,0
DA:9,0
DA:10,0
DA:11,0
DA:13,0
DA:28,0
DA:32,0
DA:33,0
DA:36,0
DA:37,0
DA:58,0
DA:69,0
DA:70,0
DA:72,0
DA:73,0
DA:78,0
DA:79,0
DA:82,0
DA:83,0
DA:90,0
DA:92,0
DA:93,0
DA:102,0
DA:103,0
DA:106,0
DA:107,0
DA:109,0
DA:115,0
DA:116,0
DA:127,0
DA:128,0
DA:131,0
DA:132,0
DA:142,0
DA:147,0
DA:148,0
DA:153,0
DA:157,0
DA:158,0
DA:159,0
DA:160,0
DA:166,0
DA:177,0
DA:178,0
DA:182,0
DA:185,0
DA:188,0
DA:189,0
DA:191,0
DA:192,0
DA:196,0
DA:197,0
DA:198,0
DA:206,0
DA:207,0
DA:208,0
DA:215,0
DA:216,0
DA:222,0
DA:224,0
DA:225,0
DA:231,0
DA:232,0
DA:233,0
DA:235,0
DA:236,0
DA:240,0
DA:241,0
DA:250,0
DA:251,0
DA:253,0
DA:254,0
DA:260,0
DA:261,0
DA:263,0
DA:264,0
DA:267,0
DA:268,0
DA:269,0
DA:273,0
DA:275,0
DA:288,0
DA:290,0
DA:291,0
DA:297,0
DA:298,0
DA:299,0
DA:300,0
DA:303,0
DA:304,0
DA:305,0
DA:306,0
DA:307,0
DA:311,0
DA:312,0
DA:313,0
DA:317,0
DA:318,0
DA:320,0
DA:321,0
DA:325,0
DA:327,0
DA:328,0
DA:330,0
DA:335,0
DA:337,0
DA:340,0
DA:342,0
DA:343,0
LF:110
LH:0
BRDA:10,0,0,0
BRDA:10,0,1,0
BRDA:32,1,0,0
BRDA:78,2,0,0
BRDA:102,3,0,0
BRDA:110,4,0,0
BRDA:110,4,1,0
BRDA:111,5,0,0
BRDA:111,5,1,0
BRDA:112,6,0,0
BRDA:112,6,1,0
BRDA:127,7,0,0
BRDA:158,8,0,0
BRDA:191,9,0,0
BRDA:191,10,0,0
BRDA:191,10,1,0
BRDA:191,10,2,0
BRDA:196,11,0,0
BRDA:206,12,0,0
BRDA:235,13,0,0
BRDA:240,14,0,0
BRDA:263,15,0,0
BRDA:263,16,0,0
BRDA:263,16,1,0
BRDA:263,16,2,0
BRDA:263,16,3,0
BRDA:268,17,0,0
BRDA:298,18,0,0
BRDA:305,19,0,0
BRDA:311,20,0,0
BRDA:325,21,0,0
BRDA:325,21,1,0
BRDA:325,21,2,0
BRF:33
BRH:0
end_of_record
TN:
SF:server/vite.ts
FN:11,log
FN:27,setupVite
FN:39,(anonymous_10)
FN:53,(anonymous_11)
FN:53,(anonymous_12)
FN:79,serveStatic
FN:91,(anonymous_14)
FNF:7
FNH:0
FNDA:0,log
FNDA:0,setupVite
FNDA:0,(anonymous_10)
FNDA:0,(anonymous_11)
FNDA:0,(anonymous_12)
FNDA:0,serveStatic
FNDA:0,(anonymous_14)
DA:9,0
DA:12,0
DA:19,0
DA:20,0
DA:23,0
DA:28,0
DA:34,0
DA:40,0
DA:42,0
DA:50,0
DA:53,0
DA:54,0
DA:56,0
DA:57,0
DA:65,0
DA:66,0
DA:70,0
DA:71,0
DA:73,0
DA:74,0
DA:80,0
DA:82,0
DA:83,0
DA:88,0
DA:91,0
DA:92,0
LF:26
LH:0
BRDA:11,0,0,0
BRDA:19,1,0,0
BRDA:19,1,1,0
BRDA:82,2,0,0
BRF:4
BRH:0
end_of_record
TN:
SF:server/middleware/production.ts
FN:8,setupProductionMiddleware
FN:10,(anonymous_1)
FN:36,(anonymous_2)
FN:57,(anonymous_3)
FN:66,setupHealthCheck
FN:68,(anonymous_5)
FN:79,(anonymous_6)
FNF:7
FNH:0
FNDA:0,setupProductionMiddleware
FNDA:0,(anonymous_1)
FNDA:0,(anonymous_2)
FNDA:0,(anonymous_3)
FNDA:0,setupHealthCheck
FNDA:0,(anonymous_5)
FNDA:0,(anonymous_6)
DA:5,0
DA:6,0
DA:10,0
DA:11,0
DA:12,0
DA:13,0
DA:14,0
DA:15,0
DA:19,0
DA:20,0
DA:21,0
DA:22,0
DA:23,0
DA:24,0
DA:26,0
DA:27,0
DA:28,0
DA:30,0
DA:36,0
DA:37,0
DA:38,0
DA:39,0
DA:40,0
DA:41,0
DA:42,0
DA:44,0
DA:45,0
DA:46,0
DA:48,0
DA:52,0
DA:53,0
DA:54,0
DA:57,0
DA:58,0
DA:59,0
DA:61,0
DA:68,0
DA:69,0
DA:79,0
DA:81,0
LF:40
LH:0
BRDA:20,0,0,0
BRDA:20,0,1,0
BRDA:21,1,0,0
BRDA:21,1,1,0
BRDA:22,2,0,0
BRDA:22,2,1,0
BRDA:23,3,0,0
BRDA:23,3,1,0
BRDA:23,3,2,0
BRDA:23,3,3,0
BRDA:24,4,0,0
BRDA:24,4,1,0
BRDA:24,4,2,0
BRDA:24,4,3,0
BRDA:24,4,4,0
BRDA:26,5,0,0
BRDA:37,6,0,0
BRDA:37,6,1,0
BRDA:40,7,0,0
BRDA:40,7,1,0
BRDA:42,8,0,0
BRDA:52,9,0,0
BRDA:58,10,0,0
BRF:23
BRH:0
end_of_record
TN:
SF:server/middleware/security.ts
FN:15,(anonymous_0)
FN:29,(anonymous_1)
FN:33,requireCsrfHeader
FN:46,requireRole
FN:47,(anonymous_4)
FN:66,sanitizeInput
FN:68,sanitizeObject
FN:98,securityHeaders
FNF:8
FNH:0
FNDA:0,(anonymous_0)
FNDA:0,(anonymous_1)
FNDA:0,requireCsrfHeader
FNDA:0,requireRole
FNDA:0,(anonymous_4)
FNDA:0,sanitizeInput
FNDA:0,sanitizeObject
FNDA:0,securityHeaders
DA:5,0
DA:15,0
DA:19,0
DA:29,0
DA:34,0
DA:35,0
DA:36,0
DA:38,0
DA:39,0
DA:40,0
DA:42,0
DA:47,0
DA:48,0
DA:50,0
DA:51,0
DA:54,0
DA:55,0
DA:61,0
DA:69,0
DA:70,0
DA:75,0
DA:76,0
DA:79,0
DA:80,0
DA:81,0
DA:82,0
DA:84,0
DA:87,0
DA:90,0
DA:91,0
DA:94,0
DA:100,0
DA:103,0
DA:106,0
DA:109,0
DA:112,0
DA:123,0
LF:37
LH:0
BRDA:7,0,0,0
BRDA:7,0,1,0
BRDA:15,1,0,0
BRDA:15,1,1,0
BRDA:21,2,0,0
BRDA:21,2,1,0
BRDA:29,3,0,0
BRDA:29,3,1,0
BRDA:35,4,0,0
BRDA:35,4,1,0
BRDA:35,4,2,0
BRDA:36,5,0,0
BRDA:39,6,0,0
BRDA:48,7,0,0
BRDA:48,7,1,0
BRDA:48,8,0,0
BRDA:48,8,1,0
BRDA:50,9,0,0
BRDA:54,10,0,0
BRDA:69,11,0,0
BRDA:75,12,0,0
BRDA:79,13,0,0
BRDA:79,14,0,0
BRDA:79,14,1,0
BRDA:90,15,0,0
BRF:25
BRH:0
end_of_record
TN:
SF:shared/schema.ts
FN:19,(anonymous_0)
FNF:1
FNH:0
FNDA:0,(anonymous_0)
DA:6,0
DA:17,0
DA:19,0
DA:26,0
DA:33,0
DA:37,0
DA:42,0
LF:7
LH:0
BRF:0
BRH:0
end_of_record
